nohup: ignoring input
2025-12-03 20:15:23.880 | INFO     | __main__:main:22 - Loading config: yolox_finetuning/configs/yolox_l_nuscenes_clean_v2.py
2025-12-03 20:15:23.893 | INFO     | __main__:main:25 - Creating model...
2025-12-03 20:15:24.490 | INFO     | __main__:main:27 - Model: 7 classes
2025-12-03 20:15:24.490 | INFO     | __main__:main:30 - Loading COCO checkpoint: weights/detectors/yolox_l.pth
2025-12-03 20:15:25.037 | INFO     | __main__:main:35 - Filtering checkpoint for class mismatch...
2025-12-03 20:15:25.038 | INFO     | __main__:main:49 - Loaded 744 params, skipped 6
2025-12-03 20:15:25.040 | INFO     | __main__:main:51 -   Skipped: head.cls_preds.0.weight: torch.Size([80, 256, 1, 1]) -> torch.Size([7, 256, 1, 1])
2025-12-03 20:15:25.040 | INFO     | __main__:main:51 -   Skipped: head.cls_preds.0.bias: torch.Size([80]) -> torch.Size([7])
2025-12-03 20:15:25.040 | INFO     | __main__:main:51 -   Skipped: head.cls_preds.1.weight: torch.Size([80, 256, 1, 1]) -> torch.Size([7, 256, 1, 1])
2025-12-03 20:15:25.040 | INFO     | __main__:main:51 -   Skipped: head.cls_preds.1.bias: torch.Size([80]) -> torch.Size([7])
2025-12-03 20:15:25.043 | INFO     | __main__:main:51 -   Skipped: head.cls_preds.2.weight: torch.Size([80, 256, 1, 1]) -> torch.Size([7, 256, 1, 1])
2025-12-03 20:15:25.044 | INFO     | __main__:main:51 -   Skipped: head.cls_preds.2.bias: torch.Size([80]) -> torch.Size([7])
2025-12-03 20:15:25.095 | INFO     | __main__:main:54 - ✓ Checkpoint loaded
2025-12-03 20:15:25.095 | INFO     | __main__:main:57 - 
🔒 Freezing backbone (CSPDarknet + FPN)...
2025-12-03 20:15:25.097 | INFO     | __main__:main:69 -   ✓ Frozen backbone params: 46,599,040 (86.1%)
2025-12-03 20:15:25.102 | INFO     | __main__:main:70 -   ✓ Trainable head params: 7,553,572 (13.9%)
2025-12-03 20:15:25.102 | INFO     | __main__:main:71 -   ✓ Total params: 54,152,612
2025-12-03 20:15:27.079 | INFO     | __main__:main:78 - Creating dataloader...
2025-12-03 20:15:34.547 | INFO     | __main__:main:85 - Dataset: 21332 images
2025-12-03 20:15:34.548 | INFO     | __main__:main:86 - Batch size: 8
2025-12-03 20:15:34.548 | INFO     | __main__:main:87 - Iterations per epoch: 2667
2025-12-03 20:15:34.548 | INFO     | __main__:main:90 - Creating optimizer...
2025-12-03 20:15:34.552 | INFO     | __main__:main:106 - Optimizer: SGD with 122 + 131 + 131 param groups
2025-12-03 20:15:34.552 | INFO     | __main__:main:109 - 
==================================================
2025-12-03 20:15:34.552 | INFO     | __main__:main:110 - Starting training: 10 epochs
2025-12-03 20:15:34.552 | INFO     | __main__:main:111 - ==================================================

2025-12-03 20:15:34.552 | INFO     | __main__:main:116 - Max iterations per epoch: 2667
2025-12-03 20:15:34.556 | INFO     | __main__:main:119 - Epoch 1/10
2025-12-03 20:15:37.608 | INFO     | __main__:main:162 -   iter 1/2667 - loss: total: 11.28, iou: 2.79, l1: 0.00, conf: 5.60, cls: 2.89, lr: 0.000000
2025-12-03 20:16:54.471 | INFO     | __main__:main:162 -   iter 50/2667 - loss: total: 9.88, iou: 2.70, l1: 0.00, conf: 4.07, cls: 3.10, lr: 0.000000
2025-12-03 20:18:07.989 | INFO     | __main__:main:162 -   iter 100/2667 - loss: total: 10.50, iou: 2.79, l1: 0.00, conf: 4.73, cls: 2.99, lr: 0.000000
2025-12-03 20:19:23.246 | INFO     | __main__:main:162 -   iter 150/2667 - loss: total: 10.40, iou: 2.60, l1: 0.00, conf: 4.86, cls: 2.94, lr: 0.000000
2025-12-03 20:20:38.757 | INFO     | __main__:main:162 -   iter 200/2667 - loss: total: 9.38, iou: 2.78, l1: 0.00, conf: 3.78, cls: 2.82, lr: 0.000000
2025-12-03 20:21:55.069 | INFO     | __main__:main:162 -   iter 250/2667 - loss: total: 10.55, iou: 2.99, l1: 0.00, conf: 4.55, cls: 3.01, lr: 0.000000
2025-12-03 20:23:08.344 | INFO     | __main__:main:162 -   iter 300/2667 - loss: total: 10.21, iou: 3.04, l1: 0.00, conf: 4.52, cls: 2.65, lr: 0.000000
2025-12-03 20:24:21.640 | INFO     | __main__:main:162 -   iter 350/2667 - loss: total: 11.86, iou: 2.99, l1: 0.00, conf: 6.12, cls: 2.75, lr: 0.000000
2025-12-03 20:25:38.415 | INFO     | __main__:main:162 -   iter 400/2667 - loss: total: 10.23, iou: 2.95, l1: 0.00, conf: 4.41, cls: 2.88, lr: 0.000000
2025-12-03 20:26:53.301 | INFO     | __main__:main:162 -   iter 450/2667 - loss: total: 11.28, iou: 2.86, l1: 0.00, conf: 5.52, cls: 2.89, lr: 0.000000
2025-12-03 20:28:09.613 | INFO     | __main__:main:162 -   iter 500/2667 - loss: total: 9.68, iou: 2.69, l1: 0.00, conf: 4.17, cls: 2.82, lr: 0.000000
2025-12-03 20:29:23.294 | INFO     | __main__:main:162 -   iter 550/2667 - loss: total: 10.07, iou: 2.89, l1: 0.00, conf: 4.35, cls: 2.84, lr: 0.000000
2025-12-03 20:30:37.910 | INFO     | __main__:main:162 -   iter 600/2667 - loss: total: 10.72, iou: 2.85, l1: 0.00, conf: 5.07, cls: 2.80, lr: 0.000000
2025-12-03 20:31:52.741 | INFO     | __main__:main:162 -   iter 650/2667 - loss: total: 9.66, iou: 2.77, l1: 0.00, conf: 4.17, cls: 2.72, lr: 0.000000
2025-12-03 20:33:05.740 | INFO     | __main__:main:162 -   iter 700/2667 - loss: total: 9.65, iou: 2.99, l1: 0.00, conf: 4.16, cls: 2.49, lr: 0.000000
2025-12-03 20:34:18.656 | INFO     | __main__:main:162 -   iter 750/2667 - loss: total: 9.37, iou: 2.55, l1: 0.00, conf: 4.43, cls: 2.40, lr: 0.000000
2025-12-03 20:35:30.279 | INFO     | __main__:main:162 -   iter 800/2667 - loss: total: 10.17, iou: 2.94, l1: 0.00, conf: 5.07, cls: 2.16, lr: 0.000000
2025-12-03 20:36:43.808 | INFO     | __main__:main:162 -   iter 850/2667 - loss: total: 9.31, iou: 2.67, l1: 0.00, conf: 4.33, cls: 2.31, lr: 0.000000
2025-12-03 20:37:57.214 | INFO     | __main__:main:162 -   iter 900/2667 - loss: total: 10.14, iou: 2.88, l1: 0.00, conf: 5.01, cls: 2.25, lr: 0.000000
2025-12-03 20:39:10.995 | INFO     | __main__:main:162 -   iter 950/2667 - loss: total: 9.07, iou: 2.72, l1: 0.00, conf: 4.35, cls: 1.99, lr: 0.000000
2025-12-03 20:40:26.584 | INFO     | __main__:main:162 -   iter 1000/2667 - loss: total: 7.40, iou: 2.54, l1: 0.00, conf: 3.12, cls: 1.74, lr: 0.000000
2025-12-03 20:41:40.407 | INFO     | __main__:main:162 -   iter 1050/2667 - loss: total: 8.43, iou: 2.77, l1: 0.00, conf: 3.93, cls: 1.73, lr: 0.000000
2025-12-03 20:42:54.984 | INFO     | __main__:main:162 -   iter 1100/2667 - loss: total: 9.35, iou: 2.78, l1: 0.00, conf: 4.85, cls: 1.72, lr: 0.000000
2025-12-03 20:44:09.241 | INFO     | __main__:main:162 -   iter 1150/2667 - loss: total: 9.04, iou: 2.95, l1: 0.00, conf: 4.34, cls: 1.75, lr: 0.000000
2025-12-03 20:45:20.283 | INFO     | __main__:main:162 -   iter 1200/2667 - loss: total: 7.90, iou: 2.80, l1: 0.00, conf: 3.51, cls: 1.59, lr: 0.000000
2025-12-03 20:46:31.993 | INFO     | __main__:main:162 -   iter 1250/2667 - loss: total: 8.89, iou: 2.80, l1: 0.00, conf: 4.55, cls: 1.53, lr: 0.000000
2025-12-03 20:47:46.633 | INFO     | __main__:main:162 -   iter 1300/2667 - loss: total: 7.22, iou: 2.77, l1: 0.00, conf: 3.12, cls: 1.33, lr: 0.000000
2025-12-03 20:48:57.320 | INFO     | __main__:main:162 -   iter 1350/2667 - loss: total: 7.17, iou: 2.63, l1: 0.00, conf: 2.99, cls: 1.55, lr: 0.000000
2025-12-03 20:50:11.320 | INFO     | __main__:main:162 -   iter 1400/2667 - loss: total: 7.31, iou: 2.81, l1: 0.00, conf: 3.15, cls: 1.35, lr: 0.000000
2025-12-03 20:51:25.861 | INFO     | __main__:main:162 -   iter 1450/2667 - loss: total: 7.71, iou: 2.79, l1: 0.00, conf: 3.51, cls: 1.40, lr: 0.000000
2025-12-03 20:52:41.763 | INFO     | __main__:main:162 -   iter 1500/2667 - loss: total: 8.49, iou: 2.50, l1: 0.00, conf: 4.44, cls: 1.55, lr: 0.000000
2025-12-03 20:53:55.223 | INFO     | __main__:main:162 -   iter 1550/2667 - loss: total: 7.59, iou: 2.69, l1: 0.00, conf: 3.53, cls: 1.37, lr: 0.000000
2025-12-03 20:55:09.710 | INFO     | __main__:main:162 -   iter 1600/2667 - loss: total: 7.58, iou: 2.85, l1: 0.00, conf: 3.29, cls: 1.44, lr: 0.000000
2025-12-03 20:56:23.885 | INFO     | __main__:main:162 -   iter 1650/2667 - loss: total: 8.38, iou: 2.78, l1: 0.00, conf: 3.96, cls: 1.64, lr: 0.000000
2025-12-03 20:57:40.254 | INFO     | __main__:main:162 -   iter 1700/2667 - loss: total: 7.29, iou: 2.62, l1: 0.00, conf: 3.57, cls: 1.11, lr: 0.000001
2025-12-03 20:58:54.928 | INFO     | __main__:main:162 -   iter 1750/2667 - loss: total: 8.08, iou: 2.85, l1: 0.00, conf: 3.74, cls: 1.50, lr: 0.000001
2025-12-03 21:00:07.145 | INFO     | __main__:main:162 -   iter 1800/2667 - loss: total: 7.84, iou: 2.61, l1: 0.00, conf: 3.85, cls: 1.38, lr: 0.000001
2025-12-03 21:01:23.383 | INFO     | __main__:main:162 -   iter 1850/2667 - loss: total: 6.86, iou: 2.58, l1: 0.00, conf: 3.02, cls: 1.26, lr: 0.000001
2025-12-03 21:02:35.418 | INFO     | __main__:main:162 -   iter 1900/2667 - loss: total: 7.14, iou: 2.66, l1: 0.00, conf: 3.18, cls: 1.29, lr: 0.000001
2025-12-03 21:03:49.304 | INFO     | __main__:main:162 -   iter 1950/2667 - loss: total: 7.18, iou: 2.80, l1: 0.00, conf: 3.21, cls: 1.17, lr: 0.000001
2025-12-03 21:05:05.336 | INFO     | __main__:main:162 -   iter 2000/2667 - loss: total: 6.75, iou: 2.37, l1: 0.00, conf: 3.05, cls: 1.33, lr: 0.000001
2025-12-03 21:06:20.880 | INFO     | __main__:main:162 -   iter 2050/2667 - loss: total: 5.60, iou: 2.23, l1: 0.00, conf: 2.45, cls: 0.92, lr: 0.000001
2025-12-03 21:07:32.925 | INFO     | __main__:main:162 -   iter 2100/2667 - loss: total: 7.21, iou: 2.66, l1: 0.00, conf: 3.18, cls: 1.37, lr: 0.000001
2025-12-03 21:08:47.712 | INFO     | __main__:main:162 -   iter 2150/2667 - loss: total: 5.95, iou: 2.54, l1: 0.00, conf: 2.36, cls: 1.06, lr: 0.000001
2025-12-03 21:10:02.205 | INFO     | __main__:main:162 -   iter 2200/2667 - loss: total: 6.75, iou: 2.66, l1: 0.00, conf: 2.99, cls: 1.10, lr: 0.000001
2025-12-03 21:11:14.506 | INFO     | __main__:main:162 -   iter 2250/2667 - loss: total: 7.54, iou: 2.63, l1: 0.00, conf: 3.55, cls: 1.36, lr: 0.000001
2025-12-03 21:12:27.534 | INFO     | __main__:main:162 -   iter 2300/2667 - loss: total: 7.01, iou: 2.56, l1: 0.00, conf: 3.23, cls: 1.21, lr: 0.000001
2025-12-03 21:13:43.117 | INFO     | __main__:main:162 -   iter 2350/2667 - loss: total: 7.36, iou: 2.76, l1: 0.00, conf: 3.25, cls: 1.34, lr: 0.000001
2025-12-03 21:14:58.901 | INFO     | __main__:main:162 -   iter 2400/2667 - loss: total: 7.16, iou: 2.60, l1: 0.00, conf: 3.39, cls: 1.17, lr: 0.000001
2025-12-03 21:16:13.586 | INFO     | __main__:main:162 -   iter 2450/2667 - loss: total: 7.15, iou: 2.48, l1: 0.00, conf: 3.42, cls: 1.25, lr: 0.000001
2025-12-03 21:17:27.057 | INFO     | __main__:main:162 -   iter 2500/2667 - loss: total: 7.45, iou: 2.72, l1: 0.00, conf: 3.28, cls: 1.46, lr: 0.000001
2025-12-03 21:18:43.542 | INFO     | __main__:main:162 -   iter 2550/2667 - loss: total: 6.98, iou: 2.20, l1: 0.00, conf: 3.38, cls: 1.41, lr: 0.000001
2025-12-03 21:19:57.907 | INFO     | __main__:main:162 -   iter 2600/2667 - loss: total: 6.04, iou: 2.43, l1: 0.00, conf: 2.65, cls: 0.96, lr: 0.000001
2025-12-03 21:21:10.868 | INFO     | __main__:main:162 -   iter 2650/2667 - loss: total: 5.98, iou: 2.46, l1: 0.00, conf: 2.61, cls: 0.91, lr: 0.000001
2025-12-03 21:21:36.007 | INFO     | __main__:main:124 - Reached max iterations 2667, ending epoch
2025-12-03 21:21:36.014 | INFO     | __main__:main:166 - Saving checkpoint epoch 1...
2025-12-03 21:21:39.877 | INFO     | __main__:main:182 - ✓ Saved to ./yolox_finetuning/yolox_l_nuscenes_clean_v2/epoch_1.pth (235.9 MB)
2025-12-03 21:21:39.877 | INFO     | __main__:main:119 - Epoch 2/10
2025-12-03 21:21:41.861 | INFO     | __main__:main:162 -   iter 1/2667 - loss: total: 7.62, iou: 2.54, l1: 0.00, conf: 3.81, cls: 1.28, lr: 0.000001
2025-12-03 21:22:55.435 | INFO     | __main__:main:162 -   iter 50/2667 - loss: total: 5.41, iou: 2.36, l1: 0.00, conf: 2.20, cls: 0.86, lr: 0.000001
2025-12-03 21:24:08.223 | INFO     | __main__:main:162 -   iter 100/2667 - loss: total: 7.06, iou: 2.56, l1: 0.00, conf: 3.27, cls: 1.22, lr: 0.000001
2025-12-03 21:25:22.144 | INFO     | __main__:main:162 -   iter 150/2667 - loss: total: 7.18, iou: 2.28, l1: 0.00, conf: 3.39, cls: 1.51, lr: 0.000001
2025-12-03 21:26:36.771 | INFO     | __main__:main:162 -   iter 200/2667 - loss: total: 6.28, iou: 2.48, l1: 0.00, conf: 2.71, cls: 1.09, lr: 0.000001
2025-12-03 21:27:51.307 | INFO     | __main__:main:162 -   iter 250/2667 - loss: total: 6.28, iou: 2.53, l1: 0.00, conf: 2.57, cls: 1.19, lr: 0.000001
2025-12-03 21:29:05.770 | INFO     | __main__:main:162 -   iter 300/2667 - loss: total: 6.53, iou: 2.58, l1: 0.00, conf: 2.81, cls: 1.14, lr: 0.000002
2025-12-03 21:30:20.530 | INFO     | __main__:main:162 -   iter 350/2667 - loss: total: 7.52, iou: 2.74, l1: 0.00, conf: 3.64, cls: 1.15, lr: 0.000002
2025-12-03 21:31:32.846 | INFO     | __main__:main:162 -   iter 400/2667 - loss: total: 6.18, iou: 2.52, l1: 0.00, conf: 2.67, cls: 0.98, lr: 0.000002
2025-12-03 21:32:47.222 | INFO     | __main__:main:162 -   iter 450/2667 - loss: total: 6.77, iou: 2.68, l1: 0.00, conf: 2.85, cls: 1.24, lr: 0.000002
2025-12-03 21:34:01.196 | INFO     | __main__:main:162 -   iter 500/2667 - loss: total: 7.29, iou: 2.82, l1: 0.00, conf: 3.23, cls: 1.23, lr: 0.000002
2025-12-03 21:35:15.269 | INFO     | __main__:main:162 -   iter 550/2667 - loss: total: 6.00, iou: 2.51, l1: 0.00, conf: 2.49, cls: 1.00, lr: 0.000002
2025-12-03 21:36:30.230 | INFO     | __main__:main:162 -   iter 600/2667 - loss: total: 7.24, iou: 2.55, l1: 0.00, conf: 3.51, cls: 1.18, lr: 0.000002
2025-12-03 21:37:43.521 | INFO     | __main__:main:162 -   iter 650/2667 - loss: total: 5.79, iou: 2.46, l1: 0.00, conf: 2.34, cls: 0.99, lr: 0.000002
2025-12-03 21:38:57.130 | INFO     | __main__:main:162 -   iter 700/2667 - loss: total: 6.52, iou: 2.63, l1: 0.00, conf: 2.80, cls: 1.09, lr: 0.000002
2025-12-03 21:40:10.930 | INFO     | __main__:main:162 -   iter 750/2667 - loss: total: 6.25, iou: 2.31, l1: 0.00, conf: 2.79, cls: 1.15, lr: 0.000002
2025-12-03 21:41:25.705 | INFO     | __main__:main:162 -   iter 800/2667 - loss: total: 7.27, iou: 2.66, l1: 0.00, conf: 3.41, cls: 1.20, lr: 0.000002
2025-12-03 21:42:37.639 | INFO     | __main__:main:162 -   iter 850/2667 - loss: total: 7.16, iou: 2.51, l1: 0.00, conf: 3.27, cls: 1.38, lr: 0.000002
2025-12-03 21:43:52.501 | INFO     | __main__:main:162 -   iter 900/2667 - loss: total: 7.36, iou: 2.62, l1: 0.00, conf: 3.46, cls: 1.29, lr: 0.000002
2025-12-03 21:45:05.760 | INFO     | __main__:main:162 -   iter 950/2667 - loss: total: 6.48, iou: 2.55, l1: 0.00, conf: 2.85, cls: 1.08, lr: 0.000002
2025-12-03 21:46:19.583 | INFO     | __main__:main:162 -   iter 1000/2667 - loss: total: 6.22, iou: 2.34, l1: 0.00, conf: 2.67, cls: 1.20, lr: 0.000002
2025-12-03 21:47:33.836 | INFO     | __main__:main:162 -   iter 1050/2667 - loss: total: 5.91, iou: 2.43, l1: 0.00, conf: 2.48, cls: 1.00, lr: 0.000002
2025-12-03 21:48:45.720 | INFO     | __main__:main:162 -   iter 1100/2667 - loss: total: 7.16, iou: 2.65, l1: 0.00, conf: 3.41, cls: 1.10, lr: 0.000002
2025-12-03 21:49:57.560 | INFO     | __main__:main:162 -   iter 1150/2667 - loss: total: 6.47, iou: 2.43, l1: 0.00, conf: 2.97, cls: 1.07, lr: 0.000003
2025-12-03 21:51:10.493 | INFO     | __main__:main:162 -   iter 1200/2667 - loss: total: 6.88, iou: 2.55, l1: 0.00, conf: 3.16, cls: 1.17, lr: 0.000003
2025-12-03 21:52:22.903 | INFO     | __main__:main:162 -   iter 1250/2667 - loss: total: 7.09, iou: 2.50, l1: 0.00, conf: 3.55, cls: 1.03, lr: 0.000003
2025-12-03 21:53:36.202 | INFO     | __main__:main:162 -   iter 1300/2667 - loss: total: 5.83, iou: 2.37, l1: 0.00, conf: 2.52, cls: 0.94, lr: 0.000003
2025-12-03 21:54:50.328 | INFO     | __main__:main:162 -   iter 1350/2667 - loss: total: 5.58, iou: 2.50, l1: 0.00, conf: 2.22, cls: 0.87, lr: 0.000003
2025-12-03 21:56:05.393 | INFO     | __main__:main:162 -   iter 1400/2667 - loss: total: 5.95, iou: 2.61, l1: 0.00, conf: 2.38, cls: 0.96, lr: 0.000003
2025-12-03 21:57:19.482 | INFO     | __main__:main:162 -   iter 1450/2667 - loss: total: 6.49, iou: 2.51, l1: 0.00, conf: 2.82, cls: 1.16, lr: 0.000003
2025-12-03 21:58:33.232 | INFO     | __main__:main:162 -   iter 1500/2667 - loss: total: 6.09, iou: 2.33, l1: 0.00, conf: 2.80, cls: 0.96, lr: 0.000003
2025-12-03 21:59:48.406 | INFO     | __main__:main:162 -   iter 1550/2667 - loss: total: 6.23, iou: 2.47, l1: 0.00, conf: 2.76, cls: 1.01, lr: 0.000003
2025-12-03 22:01:01.789 | INFO     | __main__:main:162 -   iter 1600/2667 - loss: total: 7.13, iou: 2.43, l1: 0.00, conf: 3.36, cls: 1.34, lr: 0.000003
2025-12-03 22:02:17.195 | INFO     | __main__:main:162 -   iter 1650/2667 - loss: total: 6.34, iou: 2.56, l1: 0.00, conf: 2.70, cls: 1.07, lr: 0.000003
2025-12-03 22:03:32.715 | INFO     | __main__:main:162 -   iter 1700/2667 - loss: total: 6.33, iou: 2.41, l1: 0.00, conf: 2.99, cls: 0.93, lr: 0.000003
2025-12-03 22:04:46.186 | INFO     | __main__:main:162 -   iter 1750/2667 - loss: total: 7.63, iou: 2.72, l1: 0.00, conf: 3.59, cls: 1.32, lr: 0.000003
2025-12-03 22:06:01.867 | INFO     | __main__:main:162 -   iter 1800/2667 - loss: total: 7.68, iou: 2.69, l1: 0.00, conf: 3.80, cls: 1.20, lr: 0.000004
2025-12-03 22:07:16.503 | INFO     | __main__:main:162 -   iter 1850/2667 - loss: total: 5.86, iou: 2.36, l1: 0.00, conf: 2.49, cls: 1.01, lr: 0.000004
2025-12-03 22:08:30.048 | INFO     | __main__:main:162 -   iter 1900/2667 - loss: total: 6.42, iou: 2.57, l1: 0.00, conf: 2.89, cls: 0.97, lr: 0.000004
2025-12-03 22:09:42.227 | INFO     | __main__:main:162 -   iter 1950/2667 - loss: total: 6.06, iou: 2.41, l1: 0.00, conf: 2.60, cls: 1.06, lr: 0.000004
2025-12-03 22:10:54.779 | INFO     | __main__:main:162 -   iter 2000/2667 - loss: total: 6.11, iou: 2.31, l1: 0.00, conf: 2.85, cls: 0.94, lr: 0.000004
2025-12-03 22:12:07.575 | INFO     | __main__:main:162 -   iter 2050/2667 - loss: total: 5.95, iou: 2.33, l1: 0.00, conf: 2.71, cls: 0.91, lr: 0.000004
2025-12-03 22:13:21.423 | INFO     | __main__:main:162 -   iter 2100/2667 - loss: total: 6.16, iou: 2.55, l1: 0.00, conf: 2.65, cls: 0.95, lr: 0.000004
2025-12-03 22:14:34.875 | INFO     | __main__:main:162 -   iter 2150/2667 - loss: total: 5.72, iou: 2.30, l1: 0.00, conf: 2.45, cls: 0.97, lr: 0.000004
2025-12-03 22:15:49.764 | INFO     | __main__:main:162 -   iter 2200/2667 - loss: total: 5.70, iou: 2.44, l1: 0.00, conf: 2.33, cls: 0.93, lr: 0.000004
2025-12-03 22:17:03.163 | INFO     | __main__:main:162 -   iter 2250/2667 - loss: total: 6.05, iou: 2.28, l1: 0.00, conf: 2.65, cls: 1.13, lr: 0.000004
2025-12-03 22:18:16.952 | INFO     | __main__:main:162 -   iter 2300/2667 - loss: total: 6.19, iou: 2.36, l1: 0.00, conf: 2.81, cls: 1.02, lr: 0.000004
2025-12-03 22:19:29.435 | INFO     | __main__:main:162 -   iter 2350/2667 - loss: total: 6.19, iou: 2.51, l1: 0.00, conf: 2.62, cls: 1.06, lr: 0.000004
2025-12-03 22:20:42.613 | INFO     | __main__:main:162 -   iter 2400/2667 - loss: total: 6.39, iou: 2.40, l1: 0.00, conf: 2.93, cls: 1.07, lr: 0.000005
2025-12-03 22:21:55.220 | INFO     | __main__:main:162 -   iter 2450/2667 - loss: total: 6.61, iou: 2.59, l1: 0.00, conf: 2.96, cls: 1.06, lr: 0.000005
2025-12-03 22:23:09.184 | INFO     | __main__:main:162 -   iter 2500/2667 - loss: total: 6.77, iou: 2.55, l1: 0.00, conf: 3.01, cls: 1.21, lr: 0.000005
2025-12-03 22:24:23.095 | INFO     | __main__:main:162 -   iter 2550/2667 - loss: total: 6.40, iou: 2.28, l1: 0.00, conf: 2.97, cls: 1.15, lr: 0.000005
2025-12-03 22:25:36.991 | INFO     | __main__:main:162 -   iter 2600/2667 - loss: total: 5.88, iou: 2.35, l1: 0.00, conf: 2.60, cls: 0.92, lr: 0.000005
2025-12-03 22:26:49.690 | INFO     | __main__:main:162 -   iter 2650/2667 - loss: total: 6.62, iou: 2.37, l1: 0.00, conf: 3.31, cls: 0.93, lr: 0.000005
2025-12-03 22:27:15.940 | INFO     | __main__:main:124 - Reached max iterations 2667, ending epoch
2025-12-03 22:27:15.948 | INFO     | __main__:main:188 - Epoch 2 completed (checkpoint saved every 5 epochs)
2025-12-03 22:27:15.948 | INFO     | __main__:main:119 - Epoch 3/10
2025-12-03 22:27:17.775 | INFO     | __main__:main:162 -   iter 1/2667 - loss: total: 5.86, iou: 2.23, l1: 0.00, conf: 2.73, cls: 0.90, lr: 0.000005
2025-12-03 22:28:27.621 | INFO     | __main__:main:162 -   iter 50/2667 - loss: total: 5.57, iou: 2.30, l1: 0.00, conf: 2.45, cls: 0.82, lr: 0.000005
2025-12-03 22:29:40.326 | INFO     | __main__:main:162 -   iter 100/2667 - loss: total: 5.55, iou: 2.40, l1: 0.00, conf: 2.40, cls: 0.75, lr: 0.000005
2025-12-03 22:30:53.778 | INFO     | __main__:main:162 -   iter 150/2667 - loss: total: 6.28, iou: 2.26, l1: 0.00, conf: 2.96, cls: 1.06, lr: 0.000005
2025-12-03 22:32:06.131 | INFO     | __main__:main:162 -   iter 200/2667 - loss: total: 6.36, iou: 2.60, l1: 0.00, conf: 2.83, cls: 0.92, lr: 0.000005
2025-12-03 22:33:18.558 | INFO     | __main__:main:162 -   iter 250/2667 - loss: total: 6.53, iou: 2.52, l1: 0.00, conf: 2.99, cls: 1.02, lr: 0.000005
2025-12-03 22:34:30.678 | INFO     | __main__:main:162 -   iter 300/2667 - loss: total: 5.74, iou: 2.35, l1: 0.00, conf: 2.52, cls: 0.88, lr: 0.000006
2025-12-03 22:35:42.602 | INFO     | __main__:main:162 -   iter 350/2667 - loss: total: 7.44, iou: 2.75, l1: 0.00, conf: 3.64, cls: 1.06, lr: 0.000006
2025-12-03 22:36:55.501 | INFO     | __main__:main:162 -   iter 400/2667 - loss: total: 5.66, iou: 2.33, l1: 0.00, conf: 2.45, cls: 0.88, lr: 0.000006
2025-12-03 22:38:07.265 | INFO     | __main__:main:162 -   iter 450/2667 - loss: total: 6.58, iou: 2.52, l1: 0.00, conf: 2.96, cls: 1.10, lr: 0.000006
2025-12-03 22:39:19.143 | INFO     | __main__:main:162 -   iter 500/2667 - loss: total: 6.22, iou: 2.53, l1: 0.00, conf: 2.78, cls: 0.91, lr: 0.000006
2025-12-03 22:40:32.539 | INFO     | __main__:main:162 -   iter 550/2667 - loss: total: 6.05, iou: 2.46, l1: 0.00, conf: 2.69, cls: 0.90, lr: 0.000006
2025-12-03 22:41:46.325 | INFO     | __main__:main:162 -   iter 600/2667 - loss: total: 6.94, iou: 2.47, l1: 0.00, conf: 3.14, cls: 1.33, lr: 0.000006
2025-12-03 22:42:56.547 | INFO     | __main__:main:162 -   iter 650/2667 - loss: total: 5.10, iou: 2.26, l1: 0.00, conf: 2.09, cls: 0.75, lr: 0.000006
2025-12-03 22:44:10.174 | INFO     | __main__:main:162 -   iter 700/2667 - loss: total: 6.25, iou: 2.51, l1: 0.00, conf: 2.70, cls: 1.05, lr: 0.000006
2025-12-03 22:45:21.334 | INFO     | __main__:main:162 -   iter 750/2667 - loss: total: 5.39, iou: 2.08, l1: 0.00, conf: 2.45, cls: 0.87, lr: 0.000007
2025-12-03 22:46:34.482 | INFO     | __main__:main:162 -   iter 800/2667 - loss: total: 7.30, iou: 2.55, l1: 0.00, conf: 3.65, cls: 1.10, lr: 0.000007
2025-12-03 22:47:45.397 | INFO     | __main__:main:162 -   iter 850/2667 - loss: total: 6.29, iou: 2.42, l1: 0.00, conf: 2.88, cls: 0.99, lr: 0.000007
2025-12-03 22:48:57.357 | INFO     | __main__:main:162 -   iter 900/2667 - loss: total: 5.78, iou: 2.30, l1: 0.00, conf: 2.62, cls: 0.85, lr: 0.000007
2025-12-03 22:50:09.329 | INFO     | __main__:main:162 -   iter 950/2667 - loss: total: 5.78, iou: 2.29, l1: 0.00, conf: 2.58, cls: 0.92, lr: 0.000007
2025-12-03 22:51:22.116 | INFO     | __main__:main:162 -   iter 1000/2667 - loss: total: 5.31, iou: 2.19, l1: 0.00, conf: 2.25, cls: 0.87, lr: 0.000007
2025-12-03 22:52:34.315 | INFO     | __main__:main:162 -   iter 1050/2667 - loss: total: 5.75, iou: 2.47, l1: 0.00, conf: 2.40, cls: 0.88, lr: 0.000007
2025-12-03 22:53:48.590 | INFO     | __main__:main:162 -   iter 1100/2667 - loss: total: 6.42, iou: 2.52, l1: 0.00, conf: 2.80, cls: 1.10, lr: 0.000007
2025-12-03 22:55:02.433 | INFO     | __main__:main:162 -   iter 1150/2667 - loss: total: 6.70, iou: 2.55, l1: 0.00, conf: 3.20, cls: 0.95, lr: 0.000007
2025-12-03 22:56:14.066 | INFO     | __main__:main:162 -   iter 1200/2667 - loss: total: 5.74, iou: 2.55, l1: 0.00, conf: 2.33, cls: 0.86, lr: 0.000008
2025-12-03 22:57:24.544 | INFO     | __main__:main:162 -   iter 1250/2667 - loss: total: 6.26, iou: 2.32, l1: 0.00, conf: 2.88, cls: 1.07, lr: 0.000008
2025-12-03 22:58:38.482 | INFO     | __main__:main:162 -   iter 1300/2667 - loss: total: 5.77, iou: 2.30, l1: 0.00, conf: 2.58, cls: 0.89, lr: 0.000008
2025-12-03 22:59:49.870 | INFO     | __main__:main:162 -   iter 1350/2667 - loss: total: 6.05, iou: 2.24, l1: 0.00, conf: 2.77, cls: 1.03, lr: 0.000008
2025-12-03 23:01:04.212 | INFO     | __main__:main:162 -   iter 1400/2667 - loss: total: 5.57, iou: 2.49, l1: 0.00, conf: 2.28, cls: 0.80, lr: 0.000008
2025-12-03 23:02:16.794 | INFO     | __main__:main:162 -   iter 1450/2667 - loss: total: 5.99, iou: 2.39, l1: 0.00, conf: 2.63, cls: 0.97, lr: 0.000008
2025-12-03 23:03:29.419 | INFO     | __main__:main:162 -   iter 1500/2667 - loss: total: 6.49, iou: 2.38, l1: 0.00, conf: 3.08, cls: 1.02, lr: 0.000008
2025-12-03 23:04:41.284 | INFO     | __main__:main:162 -   iter 1550/2667 - loss: total: 5.88, iou: 2.54, l1: 0.00, conf: 2.49, cls: 0.85, lr: 0.000008
2025-12-03 23:05:54.361 | INFO     | __main__:main:162 -   iter 1600/2667 - loss: total: 6.61, iou: 2.55, l1: 0.00, conf: 3.05, cls: 1.01, lr: 0.000008
2025-12-03 23:07:05.914 | INFO     | __main__:main:162 -   iter 1650/2667 - loss: total: 6.40, iou: 2.43, l1: 0.00, conf: 2.90, cls: 1.07, lr: 0.000009
2025-12-03 23:08:19.859 | INFO     | __main__:main:162 -   iter 1700/2667 - loss: total: 5.82, iou: 2.39, l1: 0.00, conf: 2.58, cls: 0.85, lr: 0.000009
2025-12-03 23:09:30.598 | INFO     | __main__:main:162 -   iter 1750/2667 - loss: total: 5.90, iou: 2.48, l1: 0.00, conf: 2.49, cls: 0.92, lr: 0.000009
2025-12-03 23:10:41.161 | INFO     | __main__:main:162 -   iter 1800/2667 - loss: total: 5.82, iou: 2.19, l1: 0.00, conf: 2.62, cls: 1.01, lr: 0.000009
2025-12-03 23:11:52.229 | INFO     | __main__:main:162 -   iter 1850/2667 - loss: total: 6.08, iou: 2.37, l1: 0.00, conf: 2.71, cls: 1.01, lr: 0.000009
2025-12-03 23:13:03.866 | INFO     | __main__:main:162 -   iter 1900/2667 - loss: total: 5.57, iou: 2.26, l1: 0.00, conf: 2.39, cls: 0.92, lr: 0.000009
2025-12-03 23:14:16.665 | INFO     | __main__:main:162 -   iter 1950/2667 - loss: total: 4.97, iou: 2.21, l1: 0.00, conf: 2.03, cls: 0.73, lr: 0.000009
2025-12-03 23:15:27.141 | INFO     | __main__:main:162 -   iter 2000/2667 - loss: total: 5.37, iou: 2.21, l1: 0.00, conf: 2.33, cls: 0.84, lr: 0.000009
2025-12-03 23:16:39.492 | INFO     | __main__:main:162 -   iter 2050/2667 - loss: total: 4.33, iou: 1.89, l1: 0.00, conf: 1.81, cls: 0.64, lr: 0.000010
2025-12-03 23:17:54.006 | INFO     | __main__:main:162 -   iter 2100/2667 - loss: total: 5.97, iou: 2.24, l1: 0.00, conf: 2.76, cls: 0.97, lr: 0.000010
2025-12-03 23:19:05.135 | INFO     | __main__:main:162 -   iter 2150/2667 - loss: total: 5.25, iou: 2.13, l1: 0.00, conf: 2.21, cls: 0.91, lr: 0.000010
2025-12-03 23:20:17.719 | INFO     | __main__:main:162 -   iter 2200/2667 - loss: total: 5.34, iou: 2.24, l1: 0.00, conf: 2.22, cls: 0.88, lr: 0.000010
2025-12-03 23:21:28.210 | INFO     | __main__:main:162 -   iter 2250/2667 - loss: total: 6.33, iou: 2.51, l1: 0.00, conf: 2.87, cls: 0.95, lr: 0.000010
2025-12-03 23:22:41.537 | INFO     | __main__:main:162 -   iter 2300/2667 - loss: total: 6.41, iou: 2.40, l1: 0.00, conf: 2.84, cls: 1.17, lr: 0.000010
2025-12-03 23:23:56.563 | INFO     | __main__:main:162 -   iter 2350/2667 - loss: total: 6.49, iou: 2.55, l1: 0.00, conf: 2.89, cls: 1.05, lr: 0.000010
2025-12-03 23:25:11.759 | INFO     | __main__:main:162 -   iter 2400/2667 - loss: total: 6.51, iou: 2.24, l1: 0.00, conf: 3.13, cls: 1.14, lr: 0.000011
2025-12-03 23:26:22.818 | INFO     | __main__:main:162 -   iter 2450/2667 - loss: total: 5.95, iou: 2.41, l1: 0.00, conf: 2.62, cls: 0.93, lr: 0.000011
2025-12-03 23:27:33.090 | INFO     | __main__:main:162 -   iter 2500/2667 - loss: total: 6.58, iou: 2.41, l1: 0.00, conf: 2.76, cls: 1.41, lr: 0.000011
2025-12-03 23:28:46.165 | INFO     | __main__:main:162 -   iter 2550/2667 - loss: total: 5.88, iou: 2.10, l1: 0.00, conf: 2.88, cls: 0.90, lr: 0.000011
2025-12-03 23:29:56.806 | INFO     | __main__:main:162 -   iter 2600/2667 - loss: total: 5.37, iou: 2.24, l1: 0.00, conf: 2.36, cls: 0.77, lr: 0.000011
2025-12-03 23:31:06.530 | INFO     | __main__:main:162 -   iter 2650/2667 - loss: total: 4.58, iou: 1.84, l1: 0.00, conf: 2.09, cls: 0.65, lr: 0.000011
2025-12-03 23:31:30.401 | INFO     | __main__:main:124 - Reached max iterations 2667, ending epoch
2025-12-03 23:31:30.409 | INFO     | __main__:main:188 - Epoch 3 completed (checkpoint saved every 5 epochs)
2025-12-03 23:31:30.409 | INFO     | __main__:main:119 - Epoch 4/10
2025-12-03 23:31:31.954 | INFO     | __main__:main:162 -   iter 1/2667 - loss: total: 7.04, iou: 2.56, l1: 0.00, conf: 3.54, cls: 0.94, lr: 0.000011
2025-12-03 23:32:41.168 | INFO     | __main__:main:162 -   iter 50/2667 - loss: total: 5.56, iou: 2.36, l1: 0.00, conf: 2.40, cls: 0.79, lr: 0.000011
2025-12-03 23:33:50.089 | INFO     | __main__:main:162 -   iter 100/2667 - loss: total: 5.32, iou: 2.25, l1: 0.00, conf: 2.26, cls: 0.80, lr: 0.000012
2025-12-03 23:35:02.668 | INFO     | __main__:main:162 -   iter 150/2667 - loss: total: 6.43, iou: 2.30, l1: 0.00, conf: 3.12, cls: 1.01, lr: 0.000012
2025-12-03 23:36:12.865 | INFO     | __main__:main:162 -   iter 200/2667 - loss: total: 5.41, iou: 2.11, l1: 0.00, conf: 2.30, cls: 1.01, lr: 0.000012
2025-12-03 23:37:23.627 | INFO     | __main__:main:162 -   iter 250/2667 - loss: total: 5.98, iou: 2.37, l1: 0.00, conf: 2.74, cls: 0.87, lr: 0.000012
2025-12-03 23:38:32.757 | INFO     | __main__:main:162 -   iter 300/2667 - loss: total: 6.00, iou: 2.44, l1: 0.00, conf: 2.67, cls: 0.88, lr: 0.000012
2025-12-03 23:39:42.470 | INFO     | __main__:main:162 -   iter 350/2667 - loss: total: 6.84, iou: 2.41, l1: 0.00, conf: 3.33, cls: 1.10, lr: 0.000012
2025-12-03 23:40:52.994 | INFO     | __main__:main:162 -   iter 400/2667 - loss: total: 5.93, iou: 2.29, l1: 0.00, conf: 2.73, cls: 0.91, lr: 0.000012
2025-12-03 23:42:02.422 | INFO     | __main__:main:162 -   iter 450/2667 - loss: total: 5.37, iou: 2.30, l1: 0.00, conf: 2.23, cls: 0.85, lr: 0.000013
2025-12-03 23:43:14.298 | INFO     | __main__:main:162 -   iter 500/2667 - loss: total: 5.85, iou: 2.40, l1: 0.00, conf: 2.55, cls: 0.90, lr: 0.000013
2025-12-03 23:44:21.991 | INFO     | __main__:main:162 -   iter 550/2667 - loss: total: 5.50, iou: 2.32, l1: 0.00, conf: 2.37, cls: 0.81, lr: 0.000013
2025-12-03 23:45:31.215 | INFO     | __main__:main:162 -   iter 600/2667 - loss: total: 6.24, iou: 2.27, l1: 0.00, conf: 3.01, cls: 0.95, lr: 0.000013
2025-12-03 23:46:41.691 | INFO     | __main__:main:162 -   iter 650/2667 - loss: total: 4.48, iou: 2.08, l1: 0.00, conf: 1.73, cls: 0.67, lr: 0.000013
2025-12-03 23:47:52.545 | INFO     | __main__:main:162 -   iter 700/2667 - loss: total: 4.92, iou: 2.18, l1: 0.00, conf: 1.90, cls: 0.85, lr: 0.000013
2025-12-03 23:49:03.523 | INFO     | __main__:main:162 -   iter 750/2667 - loss: total: 5.10, iou: 2.03, l1: 0.00, conf: 2.28, cls: 0.80, lr: 0.000013
2025-12-03 23:50:12.664 | INFO     | __main__:main:162 -   iter 800/2667 - loss: total: 5.75, iou: 2.19, l1: 0.00, conf: 2.79, cls: 0.77, lr: 0.000014
2025-12-03 23:51:22.384 | INFO     | __main__:main:162 -   iter 850/2667 - loss: total: 6.16, iou: 2.38, l1: 0.00, conf: 2.81, cls: 0.97, lr: 0.000014
2025-12-03 23:52:33.642 | INFO     | __main__:main:162 -   iter 900/2667 - loss: total: 5.84, iou: 2.33, l1: 0.00, conf: 2.62, cls: 0.89, lr: 0.000014
2025-12-03 23:53:44.581 | INFO     | __main__:main:162 -   iter 950/2667 - loss: total: 5.18, iou: 2.17, l1: 0.00, conf: 2.17, cls: 0.84, lr: 0.000014
2025-12-03 23:54:57.510 | INFO     | __main__:main:162 -   iter 1000/2667 - loss: total: 5.17, iou: 2.14, l1: 0.00, conf: 2.19, cls: 0.84, lr: 0.000014
2025-12-03 23:56:09.633 | INFO     | __main__:main:162 -   iter 1050/2667 - loss: total: 5.65, iou: 2.36, l1: 0.00, conf: 2.48, cls: 0.81, lr: 0.000014
2025-12-03 23:57:20.501 | INFO     | __main__:main:162 -   iter 1100/2667 - loss: total: 6.79, iou: 2.55, l1: 0.00, conf: 3.29, cls: 0.95, lr: 0.000015
2025-12-03 23:58:31.956 | INFO     | __main__:main:162 -   iter 1150/2667 - loss: total: 5.94, iou: 2.25, l1: 0.00, conf: 2.75, cls: 0.94, lr: 0.000015
2025-12-03 23:59:43.213 | INFO     | __main__:main:162 -   iter 1200/2667 - loss: total: 5.21, iou: 2.22, l1: 0.00, conf: 2.19, cls: 0.80, lr: 0.000015
2025-12-04 00:00:52.878 | INFO     | __main__:main:162 -   iter 1250/2667 - loss: total: 5.74, iou: 2.20, l1: 0.00, conf: 2.69, cls: 0.86, lr: 0.000015
2025-12-04 00:02:04.012 | INFO     | __main__:main:162 -   iter 1300/2667 - loss: total: 4.64, iou: 2.07, l1: 0.00, conf: 1.85, cls: 0.73, lr: 0.000015
2025-12-04 00:03:16.325 | INFO     | __main__:main:162 -   iter 1350/2667 - loss: total: 5.79, iou: 2.32, l1: 0.00, conf: 2.62, cls: 0.86, lr: 0.000015
2025-12-04 00:04:27.514 | INFO     | __main__:main:162 -   iter 1400/2667 - loss: total: 6.47, iou: 2.60, l1: 0.00, conf: 2.94, cls: 0.93, lr: 0.000016
2025-12-04 00:05:35.449 | INFO     | __main__:main:162 -   iter 1450/2667 - loss: total: 5.83, iou: 2.39, l1: 0.00, conf: 2.52, cls: 0.92, lr: 0.000016
2025-12-04 00:06:45.259 | INFO     | __main__:main:162 -   iter 1500/2667 - loss: total: 5.45, iou: 2.17, l1: 0.00, conf: 2.46, cls: 0.82, lr: 0.000016
2025-12-04 00:07:57.144 | INFO     | __main__:main:162 -   iter 1550/2667 - loss: total: 5.28, iou: 2.24, l1: 0.00, conf: 2.25, cls: 0.79, lr: 0.000016
2025-12-04 00:09:09.431 | INFO     | __main__:main:162 -   iter 1600/2667 - loss: total: 6.73, iou: 2.61, l1: 0.00, conf: 3.07, cls: 1.05, lr: 0.000016
2025-12-04 00:10:22.028 | INFO     | __main__:main:162 -   iter 1650/2667 - loss: total: 5.79, iou: 2.33, l1: 0.00, conf: 2.57, cls: 0.89, lr: 0.000016
2025-12-04 00:11:35.295 | INFO     | __main__:main:162 -   iter 1700/2667 - loss: total: 5.93, iou: 2.48, l1: 0.00, conf: 2.61, cls: 0.84, lr: 0.000017
2025-12-04 00:12:46.088 | INFO     | __main__:main:162 -   iter 1750/2667 - loss: total: 5.57, iou: 2.20, l1: 0.00, conf: 2.49, cls: 0.88, lr: 0.000017
2025-12-04 00:13:56.653 | INFO     | __main__:main:162 -   iter 1800/2667 - loss: total: 5.50, iou: 2.24, l1: 0.00, conf: 2.41, cls: 0.85, lr: 0.000017
2025-12-04 00:15:07.380 | INFO     | __main__:main:162 -   iter 1850/2667 - loss: total: 4.93, iou: 2.07, l1: 0.00, conf: 2.02, cls: 0.84, lr: 0.000017
2025-12-04 00:16:18.387 | INFO     | __main__:main:162 -   iter 1900/2667 - loss: total: 5.90, iou: 2.31, l1: 0.00, conf: 2.64, cls: 0.95, lr: 0.000017
2025-12-04 00:17:29.523 | INFO     | __main__:main:162 -   iter 1950/2667 - loss: total: 5.50, iou: 2.23, l1: 0.00, conf: 2.47, cls: 0.80, lr: 0.000017
2025-12-04 00:18:41.740 | INFO     | __main__:main:162 -   iter 2000/2667 - loss: total: 5.32, iou: 2.13, l1: 0.00, conf: 2.38, cls: 0.82, lr: 0.000018
2025-12-04 00:19:51.392 | INFO     | __main__:main:162 -   iter 2050/2667 - loss: total: 4.98, iou: 2.02, l1: 0.00, conf: 2.20, cls: 0.76, lr: 0.000018
2025-12-04 00:21:03.210 | INFO     | __main__:main:162 -   iter 2100/2667 - loss: total: 5.20, iou: 2.25, l1: 0.00, conf: 2.18, cls: 0.77, lr: 0.000018
2025-12-04 00:22:14.244 | INFO     | __main__:main:162 -   iter 2150/2667 - loss: total: 5.01, iou: 2.07, l1: 0.00, conf: 2.12, cls: 0.82, lr: 0.000018
2025-12-04 00:23:23.336 | INFO     | __main__:main:162 -   iter 2200/2667 - loss: total: 6.06, iou: 2.28, l1: 0.00, conf: 2.71, cls: 1.08, lr: 0.000018
2025-12-04 00:24:34.216 | INFO     | __main__:main:162 -   iter 2250/2667 - loss: total: 6.11, iou: 2.41, l1: 0.00, conf: 2.79, cls: 0.91, lr: 0.000018
2025-12-04 00:25:43.489 | INFO     | __main__:main:162 -   iter 2300/2667 - loss: total: 5.91, iou: 2.35, l1: 0.00, conf: 2.62, cls: 0.93, lr: 0.000019
2025-12-04 00:26:55.349 | INFO     | __main__:main:162 -   iter 2350/2667 - loss: total: 5.80, iou: 2.36, l1: 0.00, conf: 2.47, cls: 0.97, lr: 0.000019
2025-12-04 00:28:06.327 | INFO     | __main__:main:162 -   iter 2400/2667 - loss: total: 5.99, iou: 2.33, l1: 0.00, conf: 2.73, cls: 0.93, lr: 0.000019
2025-12-04 00:29:17.927 | INFO     | __main__:main:162 -   iter 2450/2667 - loss: total: 5.38, iou: 2.32, l1: 0.00, conf: 2.27, cls: 0.80, lr: 0.000019
2025-12-04 00:30:29.263 | INFO     | __main__:main:162 -   iter 2500/2667 - loss: total: 6.21, iou: 2.28, l1: 0.00, conf: 2.77, cls: 1.17, lr: 0.000019
2025-12-04 00:31:40.006 | INFO     | __main__:main:162 -   iter 2550/2667 - loss: total: 6.12, iou: 2.20, l1: 0.00, conf: 2.98, cls: 0.94, lr: 0.000020
2025-12-04 00:32:48.218 | INFO     | __main__:main:162 -   iter 2600/2667 - loss: total: 4.83, iou: 2.07, l1: 0.00, conf: 2.08, cls: 0.69, lr: 0.000020
2025-12-04 00:33:59.962 | INFO     | __main__:main:162 -   iter 2650/2667 - loss: total: 5.11, iou: 2.03, l1: 0.00, conf: 2.27, cls: 0.81, lr: 0.000020
2025-12-04 00:34:22.477 | INFO     | __main__:main:124 - Reached max iterations 2667, ending epoch
2025-12-04 00:34:22.490 | INFO     | __main__:main:188 - Epoch 4 completed (checkpoint saved every 5 epochs)
2025-12-04 00:34:22.490 | INFO     | __main__:main:119 - Epoch 5/10
2025-12-04 00:34:24.008 | INFO     | __main__:main:162 -   iter 1/2667 - loss: total: 6.08, iou: 2.25, l1: 0.00, conf: 2.96, cls: 0.87, lr: 0.000020
2025-12-04 00:35:34.955 | INFO     | __main__:main:162 -   iter 50/2667 - loss: total: 5.58, iou: 2.28, l1: 0.00, conf: 2.48, cls: 0.81, lr: 0.000020
2025-12-04 00:36:44.858 | INFO     | __main__:main:162 -   iter 100/2667 - loss: total: 5.34, iou: 2.26, l1: 0.00, conf: 2.31, cls: 0.77, lr: 0.000020
2025-12-04 00:37:55.558 | INFO     | __main__:main:162 -   iter 150/2667 - loss: total: 6.62, iou: 2.20, l1: 0.00, conf: 3.37, cls: 1.05, lr: 0.000021
2025-12-04 00:39:06.476 | INFO     | __main__:main:162 -   iter 200/2667 - loss: total: 5.56, iou: 2.33, l1: 0.00, conf: 2.48, cls: 0.75, lr: 0.000021
2025-12-04 00:40:19.479 | INFO     | __main__:main:162 -   iter 250/2667 - loss: total: 5.78, iou: 2.29, l1: 0.00, conf: 2.60, cls: 0.89, lr: 0.000021
2025-12-04 00:41:31.274 | INFO     | __main__:main:162 -   iter 300/2667 - loss: total: 5.87, iou: 2.18, l1: 0.00, conf: 2.79, cls: 0.89, lr: 0.000021
2025-12-04 00:42:41.449 | INFO     | __main__:main:162 -   iter 350/2667 - loss: total: 6.32, iou: 2.30, l1: 0.00, conf: 3.13, cls: 0.89, lr: 0.000021
2025-12-04 00:43:52.338 | INFO     | __main__:main:162 -   iter 400/2667 - loss: total: 6.06, iou: 2.39, l1: 0.00, conf: 2.74, cls: 0.93, lr: 0.000022
2025-12-04 00:45:04.568 | INFO     | __main__:main:162 -   iter 450/2667 - loss: total: 5.75, iou: 2.19, l1: 0.00, conf: 2.57, cls: 0.98, lr: 0.000022
2025-12-04 00:46:18.019 | INFO     | __main__:main:162 -   iter 500/2667 - loss: total: 5.84, iou: 2.27, l1: 0.00, conf: 2.79, cls: 0.78, lr: 0.000022
2025-12-04 00:47:27.074 | INFO     | __main__:main:162 -   iter 550/2667 - loss: total: 5.73, iou: 2.19, l1: 0.00, conf: 2.66, cls: 0.88, lr: 0.000022
2025-12-04 00:48:40.087 | INFO     | __main__:main:162 -   iter 600/2667 - loss: total: 6.33, iou: 2.37, l1: 0.00, conf: 3.01, cls: 0.94, lr: 0.000022
2025-12-04 00:49:51.743 | INFO     | __main__:main:162 -   iter 650/2667 - loss: total: 4.80, iou: 2.22, l1: 0.00, conf: 1.82, cls: 0.76, lr: 0.000023
2025-12-04 00:51:05.326 | INFO     | __main__:main:162 -   iter 700/2667 - loss: total: 5.04, iou: 2.08, l1: 0.00, conf: 2.16, cls: 0.81, lr: 0.000023
2025-12-04 00:52:14.740 | INFO     | __main__:main:162 -   iter 750/2667 - loss: total: 5.51, iou: 2.00, l1: 0.00, conf: 2.63, cls: 0.88, lr: 0.000023
2025-12-04 00:53:25.440 | INFO     | __main__:main:162 -   iter 800/2667 - loss: total: 6.20, iou: 2.31, l1: 0.00, conf: 3.09, cls: 0.81, lr: 0.000023
2025-12-04 00:54:37.103 | INFO     | __main__:main:162 -   iter 850/2667 - loss: total: 5.64, iou: 2.27, l1: 0.00, conf: 2.49, cls: 0.88, lr: 0.000023
2025-12-04 00:55:48.184 | INFO     | __main__:main:162 -   iter 900/2667 - loss: total: 5.85, iou: 2.24, l1: 0.00, conf: 2.74, cls: 0.87, lr: 0.000024
2025-12-04 00:56:59.371 | INFO     | __main__:main:162 -   iter 950/2667 - loss: total: 5.10, iou: 2.06, l1: 0.00, conf: 2.21, cls: 0.83, lr: 0.000024
2025-12-04 00:58:10.073 | INFO     | __main__:main:162 -   iter 1000/2667 - loss: total: 4.58, iou: 1.93, l1: 0.00, conf: 1.86, cls: 0.79, lr: 0.000024
2025-12-04 00:59:24.227 | INFO     | __main__:main:162 -   iter 1050/2667 - loss: total: 5.21, iou: 2.21, l1: 0.00, conf: 2.28, cls: 0.73, lr: 0.000024
2025-12-04 01:00:34.525 | INFO     | __main__:main:162 -   iter 1100/2667 - loss: total: 6.43, iou: 2.52, l1: 0.00, conf: 3.07, cls: 0.84, lr: 0.000024
2025-12-04 01:01:45.771 | INFO     | __main__:main:162 -   iter 1150/2667 - loss: total: 5.58, iou: 2.14, l1: 0.00, conf: 2.63, cls: 0.81, lr: 0.000025
2025-12-04 01:02:56.508 | INFO     | __main__:main:162 -   iter 1200/2667 - loss: total: 5.04, iou: 2.16, l1: 0.00, conf: 2.07, cls: 0.81, lr: 0.000025
2025-12-04 01:04:08.980 | INFO     | __main__:main:162 -   iter 1250/2667 - loss: total: 6.13, iou: 2.27, l1: 0.00, conf: 2.87, cls: 1.00, lr: 0.000025
2025-12-04 01:05:22.345 | INFO     | __main__:main:162 -   iter 1300/2667 - loss: total: 5.34, iou: 2.25, l1: 0.00, conf: 2.25, cls: 0.84, lr: 0.000025
2025-12-04 01:06:34.540 | INFO     | __main__:main:162 -   iter 1350/2667 - loss: total: 5.53, iou: 2.28, l1: 0.00, conf: 2.41, cls: 0.84, lr: 0.000025
2025-12-04 01:07:46.871 | INFO     | __main__:main:162 -   iter 1400/2667 - loss: total: 5.61, iou: 2.42, l1: 0.00, conf: 2.42, cls: 0.78, lr: 0.000026
2025-12-04 01:08:58.728 | INFO     | __main__:main:162 -   iter 1450/2667 - loss: total: 5.55, iou: 2.19, l1: 0.00, conf: 2.44, cls: 0.92, lr: 0.000026
2025-12-04 01:10:10.075 | INFO     | __main__:main:162 -   iter 1500/2667 - loss: total: 6.40, iou: 2.18, l1: 0.00, conf: 3.28, cls: 0.94, lr: 0.000026
2025-12-04 01:11:23.876 | INFO     | __main__:main:162 -   iter 1550/2667 - loss: total: 5.02, iou: 2.25, l1: 0.00, conf: 2.00, cls: 0.78, lr: 0.000026
2025-12-04 01:12:36.585 | INFO     | __main__:main:162 -   iter 1600/2667 - loss: total: 6.66, iou: 2.32, l1: 0.00, conf: 3.24, cls: 1.11, lr: 0.000026
2025-12-04 01:13:49.830 | INFO     | __main__:main:162 -   iter 1650/2667 - loss: total: 5.32, iou: 2.22, l1: 0.00, conf: 2.33, cls: 0.77, lr: 0.000027
2025-12-04 01:15:03.334 | INFO     | __main__:main:162 -   iter 1700/2667 - loss: total: 4.98, iou: 2.06, l1: 0.00, conf: 2.24, cls: 0.68, lr: 0.000027
2025-12-04 01:16:10.538 | INFO     | __main__:main:162 -   iter 1750/2667 - loss: total: 5.89, iou: 2.34, l1: 0.00, conf: 2.61, cls: 0.94, lr: 0.000027
2025-12-04 01:17:21.643 | INFO     | __main__:main:162 -   iter 1800/2667 - loss: total: 5.94, iou: 2.11, l1: 0.00, conf: 2.94, cls: 0.89, lr: 0.000027
2025-12-04 01:18:33.745 | INFO     | __main__:main:162 -   iter 1850/2667 - loss: total: 5.79, iou: 2.25, l1: 0.00, conf: 2.60, cls: 0.94, lr: 0.000028
2025-12-04 01:19:43.826 | INFO     | __main__:main:162 -   iter 1900/2667 - loss: total: 5.24, iou: 2.14, l1: 0.00, conf: 2.28, cls: 0.81, lr: 0.000028
2025-12-04 01:20:53.108 | INFO     | __main__:main:162 -   iter 1950/2667 - loss: total: 4.78, iou: 2.05, l1: 0.00, conf: 2.02, cls: 0.70, lr: 0.000028
2025-12-04 01:22:03.029 | INFO     | __main__:main:162 -   iter 2000/2667 - loss: total: 5.62, iou: 2.24, l1: 0.00, conf: 2.51, cls: 0.87, lr: 0.000028
2025-12-04 01:23:15.626 | INFO     | __main__:main:162 -   iter 2050/2667 - loss: total: 4.89, iou: 1.96, l1: 0.00, conf: 2.25, cls: 0.68, lr: 0.000028
2025-12-04 01:24:27.656 | INFO     | __main__:main:162 -   iter 2100/2667 - loss: total: 5.08, iou: 2.08, l1: 0.00, conf: 2.22, cls: 0.78, lr: 0.000029
2025-12-04 01:25:39.454 | INFO     | __main__:main:162 -   iter 2150/2667 - loss: total: 5.11, iou: 2.11, l1: 0.00, conf: 2.22, cls: 0.77, lr: 0.000029
2025-12-04 01:26:50.326 | INFO     | __main__:main:162 -   iter 2200/2667 - loss: total: 4.86, iou: 2.06, l1: 0.00, conf: 2.01, cls: 0.79, lr: 0.000029
2025-12-04 01:28:04.258 | INFO     | __main__:main:162 -   iter 2250/2667 - loss: total: 5.94, iou: 2.30, l1: 0.00, conf: 2.77, cls: 0.87, lr: 0.000029
2025-12-04 01:29:17.957 | INFO     | __main__:main:162 -   iter 2300/2667 - loss: total: 5.27, iou: 2.19, l1: 0.00, conf: 2.21, cls: 0.87, lr: 0.000030
2025-12-04 01:30:31.094 | INFO     | __main__:main:162 -   iter 2350/2667 - loss: total: 6.01, iou: 2.41, l1: 0.00, conf: 2.55, cls: 1.05, lr: 0.000030
2025-12-04 01:31:43.945 | INFO     | __main__:main:162 -   iter 2400/2667 - loss: total: 5.98, iou: 2.06, l1: 0.00, conf: 2.85, cls: 1.07, lr: 0.000030
2025-12-04 01:32:57.631 | INFO     | __main__:main:162 -   iter 2450/2667 - loss: total: 5.28, iou: 2.17, l1: 0.00, conf: 2.32, cls: 0.79, lr: 0.000030
2025-12-04 01:34:10.541 | INFO     | __main__:main:162 -   iter 2500/2667 - loss: total: 5.70, iou: 2.18, l1: 0.00, conf: 2.45, cls: 1.07, lr: 0.000030
2025-12-04 01:35:22.517 | INFO     | __main__:main:162 -   iter 2550/2667 - loss: total: 5.78, iou: 2.08, l1: 0.00, conf: 2.73, cls: 0.97, lr: 0.000031
2025-12-04 01:36:35.004 | INFO     | __main__:main:162 -   iter 2600/2667 - loss: total: 5.31, iou: 2.13, l1: 0.00, conf: 2.43, cls: 0.75, lr: 0.000031
2025-12-04 01:37:47.002 | INFO     | __main__:main:162 -   iter 2650/2667 - loss: total: 5.25, iou: 1.92, l1: 0.00, conf: 2.47, cls: 0.86, lr: 0.000031
2025-12-04 01:38:11.276 | INFO     | __main__:main:124 - Reached max iterations 2667, ending epoch
2025-12-04 01:38:11.284 | INFO     | __main__:main:166 - Saving checkpoint epoch 5...
2025-12-04 01:38:17.505 | INFO     | __main__:main:182 - ✓ Saved to ./yolox_finetuning/yolox_l_nuscenes_clean_v2/epoch_5.pth (235.9 MB)
2025-12-04 01:38:17.505 | INFO     | __main__:main:119 - Epoch 6/10
2025-12-04 01:38:19.266 | INFO     | __main__:main:162 -   iter 1/2667 - loss: total: 6.85, iou: 2.43, l1: 0.00, conf: 3.42, cls: 0.99, lr: 0.000031
2025-12-04 01:39:29.816 | INFO     | __main__:main:162 -   iter 50/2667 - loss: total: 5.19, iou: 2.24, l1: 0.00, conf: 2.26, cls: 0.69, lr: 0.000031
2025-12-04 01:40:38.838 | INFO     | __main__:main:162 -   iter 100/2667 - loss: total: 5.27, iou: 2.25, l1: 0.00, conf: 2.24, cls: 0.78, lr: 0.000032
2025-12-04 01:41:52.804 | INFO     | __main__:main:162 -   iter 150/2667 - loss: total: 5.83, iou: 2.13, l1: 0.00, conf: 2.62, cls: 1.07, lr: 0.000032
2025-12-04 01:43:05.383 | INFO     | __main__:main:162 -   iter 200/2667 - loss: total: 4.70, iou: 2.02, l1: 0.00, conf: 1.98, cls: 0.70, lr: 0.000032
2025-12-04 01:44:14.852 | INFO     | __main__:main:162 -   iter 250/2667 - loss: total: 5.39, iou: 2.14, l1: 0.00, conf: 2.40, cls: 0.86, lr: 0.000032
2025-12-04 01:45:25.282 | INFO     | __main__:main:162 -   iter 300/2667 - loss: total: 5.09, iou: 2.02, l1: 0.00, conf: 2.26, cls: 0.81, lr: 0.000033
2025-12-04 01:46:34.288 | INFO     | __main__:main:162 -   iter 350/2667 - loss: total: 6.16, iou: 2.28, l1: 0.00, conf: 2.85, cls: 1.03, lr: 0.000033
2025-12-04 01:47:46.132 | INFO     | __main__:main:162 -   iter 400/2667 - loss: total: 4.85, iou: 2.03, l1: 0.00, conf: 2.02, cls: 0.80, lr: 0.000033
2025-12-04 01:48:58.954 | INFO     | __main__:main:162 -   iter 450/2667 - loss: total: 5.62, iou: 2.31, l1: 0.00, conf: 2.43, cls: 0.88, lr: 0.000033
2025-12-04 01:50:10.939 | INFO     | __main__:main:162 -   iter 500/2667 - loss: total: 5.55, iou: 2.26, l1: 0.00, conf: 2.53, cls: 0.75, lr: 0.000034
2025-12-04 01:51:23.978 | INFO     | __main__:main:162 -   iter 550/2667 - loss: total: 6.15, iou: 2.39, l1: 0.00, conf: 2.87, cls: 0.88, lr: 0.000034
2025-12-04 01:52:37.155 | INFO     | __main__:main:162 -   iter 600/2667 - loss: total: 6.21, iou: 2.28, l1: 0.00, conf: 2.87, cls: 1.06, lr: 0.000034
2025-12-04 01:53:50.316 | INFO     | __main__:main:162 -   iter 650/2667 - loss: total: 4.56, iou: 2.07, l1: 0.00, conf: 1.79, cls: 0.70, lr: 0.000034
2025-12-04 01:55:02.564 | INFO     | __main__:main:162 -   iter 700/2667 - loss: total: 5.95, iou: 2.30, l1: 0.00, conf: 2.71, cls: 0.95, lr: 0.000035
2025-12-04 01:56:16.070 | INFO     | __main__:main:162 -   iter 750/2667 - loss: total: 4.80, iou: 1.98, l1: 0.00, conf: 2.08, cls: 0.74, lr: 0.000035
2025-12-04 01:57:25.415 | INFO     | __main__:main:162 -   iter 800/2667 - loss: total: 6.94, iou: 2.50, l1: 0.00, conf: 3.62, cls: 0.81, lr: 0.000035
2025-12-04 01:58:37.087 | INFO     | __main__:main:162 -   iter 850/2667 - loss: total: 5.06, iou: 2.07, l1: 0.00, conf: 2.15, cls: 0.84, lr: 0.000035
2025-12-04 01:59:47.080 | INFO     | __main__:main:162 -   iter 900/2667 - loss: total: 5.55, iou: 2.20, l1: 0.00, conf: 2.55, cls: 0.81, lr: 0.000036
2025-12-04 02:00:59.850 | INFO     | __main__:main:162 -   iter 950/2667 - loss: total: 5.00, iou: 2.03, l1: 0.00, conf: 2.23, cls: 0.74, lr: 0.000036
2025-12-04 02:02:11.905 | INFO     | __main__:main:162 -   iter 1000/2667 - loss: total: 4.87, iou: 2.01, l1: 0.00, conf: 2.09, cls: 0.77, lr: 0.000036
2025-12-04 02:03:26.773 | INFO     | __main__:main:162 -   iter 1050/2667 - loss: total: 6.11, iou: 2.26, l1: 0.00, conf: 2.97, cls: 0.88, lr: 0.000036
2025-12-04 02:04:36.256 | INFO     | __main__:main:162 -   iter 1100/2667 - loss: total: 6.15, iou: 2.31, l1: 0.00, conf: 2.92, cls: 0.92, lr: 0.000037
2025-12-04 02:05:49.385 | INFO     | __main__:main:162 -   iter 1150/2667 - loss: total: 5.80, iou: 2.31, l1: 0.00, conf: 2.68, cls: 0.80, lr: 0.000037
2025-12-04 02:06:59.471 | INFO     | __main__:main:162 -   iter 1200/2667 - loss: total: 5.26, iou: 2.18, l1: 0.00, conf: 2.30, cls: 0.78, lr: 0.000037
2025-12-04 02:08:12.518 | INFO     | __main__:main:162 -   iter 1250/2667 - loss: total: 5.27, iou: 2.07, l1: 0.00, conf: 2.39, cls: 0.81, lr: 0.000037
2025-12-04 02:09:27.124 | INFO     | __main__:main:162 -   iter 1300/2667 - loss: total: 4.55, iou: 1.96, l1: 0.00, conf: 1.89, cls: 0.70, lr: 0.000038
2025-12-04 02:10:39.936 | INFO     | __main__:main:162 -   iter 1350/2667 - loss: total: 5.51, iou: 2.23, l1: 0.00, conf: 2.46, cls: 0.81, lr: 0.000038
2025-12-04 02:11:49.743 | INFO     | __main__:main:162 -   iter 1400/2667 - loss: total: 5.52, iou: 2.46, l1: 0.00, conf: 2.34, cls: 0.71, lr: 0.000038
2025-12-04 02:13:00.254 | INFO     | __main__:main:162 -   iter 1450/2667 - loss: total: 5.36, iou: 2.23, l1: 0.00, conf: 2.17, cls: 0.95, lr: 0.000038
2025-12-04 02:14:10.853 | INFO     | __main__:main:162 -   iter 1500/2667 - loss: total: 6.36, iou: 2.24, l1: 0.00, conf: 3.09, cls: 1.03, lr: 0.000039
2025-12-04 02:15:22.735 | INFO     | __main__:main:162 -   iter 1550/2667 - loss: total: 4.53, iou: 2.05, l1: 0.00, conf: 1.82, cls: 0.66, lr: 0.000039
2025-12-04 02:16:35.111 | INFO     | __main__:main:162 -   iter 1600/2667 - loss: total: 5.75, iou: 2.22, l1: 0.00, conf: 2.63, cls: 0.90, lr: 0.000039
2025-12-04 02:17:47.831 | INFO     | __main__:main:162 -   iter 1650/2667 - loss: total: 5.66, iou: 2.19, l1: 0.00, conf: 2.55, cls: 0.92, lr: 0.000039
2025-12-04 02:19:02.814 | INFO     | __main__:main:162 -   iter 1700/2667 - loss: total: 5.66, iou: 2.19, l1: 0.00, conf: 2.50, cls: 0.97, lr: 0.000040
2025-12-04 02:20:14.783 | INFO     | __main__:main:162 -   iter 1750/2667 - loss: total: 5.60, iou: 2.26, l1: 0.00, conf: 2.45, cls: 0.89, lr: 0.000040
2025-12-04 02:21:26.434 | INFO     | __main__:main:162 -   iter 1800/2667 - loss: total: 6.34, iou: 2.33, l1: 0.00, conf: 2.97, cls: 1.03, lr: 0.000040
2025-12-04 02:22:39.055 | INFO     | __main__:main:162 -   iter 1850/2667 - loss: total: 5.60, iou: 2.02, l1: 0.00, conf: 2.65, cls: 0.93, lr: 0.000041
2025-12-04 02:23:49.158 | INFO     | __main__:main:162 -   iter 1900/2667 - loss: total: 5.79, iou: 2.20, l1: 0.00, conf: 2.60, cls: 0.99, lr: 0.000041
2025-12-04 02:25:00.311 | INFO     | __main__:main:162 -   iter 1950/2667 - loss: total: 4.59, iou: 1.84, l1: 0.00, conf: 2.02, cls: 0.73, lr: 0.000041
2025-12-04 02:26:13.498 | INFO     | __main__:main:162 -   iter 2000/2667 - loss: total: 4.91, iou: 2.00, l1: 0.00, conf: 2.17, cls: 0.74, lr: 0.000041
2025-12-04 02:27:27.198 | INFO     | __main__:main:162 -   iter 2050/2667 - loss: total: 4.56, iou: 1.90, l1: 0.00, conf: 2.01, cls: 0.64, lr: 0.000042
2025-12-04 02:28:38.283 | INFO     | __main__:main:162 -   iter 2100/2667 - loss: total: 5.43, iou: 2.21, l1: 0.00, conf: 2.38, cls: 0.84, lr: 0.000042
2025-12-04 02:29:50.562 | INFO     | __main__:main:162 -   iter 2150/2667 - loss: total: 5.33, iou: 2.18, l1: 0.00, conf: 2.35, cls: 0.80, lr: 0.000042
2025-12-04 02:31:03.511 | INFO     | __main__:main:162 -   iter 2200/2667 - loss: total: 4.95, iou: 2.12, l1: 0.00, conf: 2.04, cls: 0.79, lr: 0.000042
2025-12-04 02:32:16.595 | INFO     | __main__:main:162 -   iter 2250/2667 - loss: total: 6.06, iou: 2.39, l1: 0.00, conf: 2.86, cls: 0.81, lr: 0.000043
2025-12-04 02:33:28.833 | INFO     | __main__:main:162 -   iter 2300/2667 - loss: total: 6.37, iou: 2.44, l1: 0.00, conf: 2.95, cls: 0.99, lr: 0.000043
2025-12-04 02:34:39.697 | INFO     | __main__:main:162 -   iter 2350/2667 - loss: total: 5.58, iou: 2.32, l1: 0.00, conf: 2.22, cls: 1.03, lr: 0.000043
2025-12-04 02:35:52.111 | INFO     | __main__:main:162 -   iter 2400/2667 - loss: total: 5.30, iou: 2.04, l1: 0.00, conf: 2.40, cls: 0.86, lr: 0.000044
2025-12-04 02:37:03.203 | INFO     | __main__:main:162 -   iter 2450/2667 - loss: total: 5.11, iou: 2.07, l1: 0.00, conf: 2.19, cls: 0.85, lr: 0.000044
2025-12-04 02:38:13.319 | INFO     | __main__:main:162 -   iter 2500/2667 - loss: total: 6.18, iou: 2.19, l1: 0.00, conf: 2.86, cls: 1.13, lr: 0.000044
2025-12-04 02:39:26.177 | INFO     | __main__:main:162 -   iter 2550/2667 - loss: total: 5.66, iou: 1.97, l1: 0.00, conf: 2.83, cls: 0.86, lr: 0.000044
2025-12-04 02:40:38.037 | INFO     | __main__:main:162 -   iter 2600/2667 - loss: total: 5.27, iou: 2.18, l1: 0.00, conf: 2.35, cls: 0.74, lr: 0.000045
2025-12-04 02:41:49.637 | INFO     | __main__:main:162 -   iter 2650/2667 - loss: total: 4.72, iou: 1.74, l1: 0.00, conf: 2.20, cls: 0.78, lr: 0.000045
2025-12-04 02:42:14.475 | INFO     | __main__:main:124 - Reached max iterations 2667, ending epoch
2025-12-04 02:42:14.483 | INFO     | __main__:main:188 - Epoch 6 completed (checkpoint saved every 5 epochs)
2025-12-04 02:42:14.483 | INFO     | __main__:main:119 - Epoch 7/10
2025-12-04 02:42:16.098 | INFO     | __main__:main:162 -   iter 1/2667 - loss: total: 7.16, iou: 2.61, l1: 0.00, conf: 3.63, cls: 0.93, lr: 0.000045
2025-12-04 02:43:27.648 | INFO     | __main__:main:162 -   iter 50/2667 - loss: total: 4.77, iou: 2.18, l1: 0.00, conf: 1.95, cls: 0.65, lr: 0.000045
2025-12-04 02:44:40.444 | INFO     | __main__:main:162 -   iter 100/2667 - loss: total: 5.66, iou: 2.28, l1: 0.00, conf: 2.58, cls: 0.80, lr: 0.000046
2025-12-04 02:45:53.999 | INFO     | __main__:main:162 -   iter 150/2667 - loss: total: 5.93, iou: 2.04, l1: 0.00, conf: 2.91, cls: 0.97, lr: 0.000046
2025-12-04 02:47:09.001 | INFO     | __main__:main:162 -   iter 200/2667 - loss: total: 5.22, iou: 2.11, l1: 0.00, conf: 2.36, cls: 0.75, lr: 0.000046
2025-12-04 02:48:19.698 | INFO     | __main__:main:162 -   iter 250/2667 - loss: total: 5.43, iou: 2.21, l1: 0.00, conf: 2.43, cls: 0.79, lr: 0.000046
2025-12-04 02:49:32.117 | INFO     | __main__:main:162 -   iter 300/2667 - loss: total: 5.88, iou: 2.17, l1: 0.00, conf: 2.82, cls: 0.89, lr: 0.000047
2025-12-04 02:50:42.848 | INFO     | __main__:main:162 -   iter 350/2667 - loss: total: 5.86, iou: 2.20, l1: 0.00, conf: 2.78, cls: 0.88, lr: 0.000047
2025-12-04 02:51:55.266 | INFO     | __main__:main:162 -   iter 400/2667 - loss: total: 5.41, iou: 2.17, l1: 0.00, conf: 2.37, cls: 0.86, lr: 0.000047
2025-12-04 02:53:07.826 | INFO     | __main__:main:162 -   iter 450/2667 - loss: total: 5.84, iou: 2.29, l1: 0.00, conf: 2.65, cls: 0.90, lr: 0.000048
2025-12-04 02:54:21.564 | INFO     | __main__:main:162 -   iter 500/2667 - loss: total: 5.42, iou: 2.14, l1: 0.00, conf: 2.46, cls: 0.82, lr: 0.000048
2025-12-04 02:55:33.159 | INFO     | __main__:main:162 -   iter 550/2667 - loss: total: 5.47, iou: 2.22, l1: 0.00, conf: 2.50, cls: 0.75, lr: 0.000048
2025-12-04 02:56:45.198 | INFO     | __main__:main:162 -   iter 600/2667 - loss: total: 5.73, iou: 2.25, l1: 0.00, conf: 2.63, cls: 0.85, lr: 0.000048
2025-12-04 02:57:56.856 | INFO     | __main__:main:162 -   iter 650/2667 - loss: total: 4.95, iou: 2.18, l1: 0.00, conf: 2.04, cls: 0.73, lr: 0.000049
2025-12-04 02:59:07.988 | INFO     | __main__:main:162 -   iter 700/2667 - loss: total: 5.75, iou: 2.24, l1: 0.00, conf: 2.66, cls: 0.85, lr: 0.000049
2025-12-04 03:00:21.731 | INFO     | __main__:main:162 -   iter 750/2667 - loss: total: 4.95, iou: 2.03, l1: 0.00, conf: 2.20, cls: 0.73, lr: 0.000049
2025-12-04 03:01:33.290 | INFO     | __main__:main:162 -   iter 800/2667 - loss: total: 5.87, iou: 2.16, l1: 0.00, conf: 2.91, cls: 0.80, lr: 0.000050
2025-12-04 03:02:46.444 | INFO     | __main__:main:162 -   iter 850/2667 - loss: total: 5.43, iou: 2.14, l1: 0.00, conf: 2.46, cls: 0.83, lr: 0.000050
2025-12-04 03:03:59.594 | INFO     | __main__:main:162 -   iter 900/2667 - loss: total: 5.61, iou: 2.16, l1: 0.00, conf: 2.53, cls: 0.91, lr: 0.000050
2025-12-04 03:05:11.665 | INFO     | __main__:main:162 -   iter 950/2667 - loss: total: 5.37, iou: 2.05, l1: 0.00, conf: 2.39, cls: 0.94, lr: 0.000050
2025-12-04 03:06:23.565 | INFO     | __main__:main:162 -   iter 1000/2667 - loss: total: 4.71, iou: 1.97, l1: 0.00, conf: 1.99, cls: 0.74, lr: 0.000051
2025-12-04 03:07:36.787 | INFO     | __main__:main:162 -   iter 1050/2667 - loss: total: 5.53, iou: 2.30, l1: 0.00, conf: 2.40, cls: 0.83, lr: 0.000051
2025-12-04 03:08:47.106 | INFO     | __main__:main:162 -   iter 1100/2667 - loss: total: 5.83, iou: 2.35, l1: 0.00, conf: 2.67, cls: 0.81, lr: 0.000051
2025-12-04 03:09:59.794 | INFO     | __main__:main:162 -   iter 1150/2667 - loss: total: 5.22, iou: 2.18, l1: 0.00, conf: 2.31, cls: 0.72, lr: 0.000052
2025-12-04 03:11:13.153 | INFO     | __main__:main:162 -   iter 1200/2667 - loss: total: 5.22, iou: 2.14, l1: 0.00, conf: 2.14, cls: 0.93, lr: 0.000052
2025-12-04 03:12:25.469 | INFO     | __main__:main:162 -   iter 1250/2667 - loss: total: 5.08, iou: 1.90, l1: 0.00, conf: 2.25, cls: 0.93, lr: 0.000052
2025-12-04 03:13:34.051 | INFO     | __main__:main:162 -   iter 1300/2667 - loss: total: 4.58, iou: 2.04, l1: 0.00, conf: 1.76, cls: 0.78, lr: 0.000053
2025-12-04 03:14:47.350 | INFO     | __main__:main:162 -   iter 1350/2667 - loss: total: 5.33, iou: 2.29, l1: 0.00, conf: 2.25, cls: 0.78, lr: 0.000053
2025-12-04 03:15:57.457 | INFO     | __main__:main:162 -   iter 1400/2667 - loss: total: 5.73, iou: 2.31, l1: 0.00, conf: 2.65, cls: 0.77, lr: 0.000053
2025-12-04 03:17:11.669 | INFO     | __main__:main:162 -   iter 1450/2667 - loss: total: 5.28, iou: 2.15, l1: 0.00, conf: 2.29, cls: 0.85, lr: 0.000054
2025-12-04 03:18:22.078 | INFO     | __main__:main:162 -   iter 1500/2667 - loss: total: 5.76, iou: 2.10, l1: 0.00, conf: 2.68, cls: 0.98, lr: 0.000054
2025-12-04 03:19:33.698 | INFO     | __main__:main:162 -   iter 1550/2667 - loss: total: 4.81, iou: 2.13, l1: 0.00, conf: 1.88, cls: 0.80, lr: 0.000054
2025-12-04 03:20:46.116 | INFO     | __main__:main:162 -   iter 1600/2667 - loss: total: 5.88, iou: 2.19, l1: 0.00, conf: 2.77, cls: 0.93, lr: 0.000054
2025-12-04 03:22:00.496 | INFO     | __main__:main:162 -   iter 1650/2667 - loss: total: 5.46, iou: 2.13, l1: 0.00, conf: 2.41, cls: 0.92, lr: 0.000055
2025-12-04 03:23:13.287 | INFO     | __main__:main:162 -   iter 1700/2667 - loss: total: 5.85, iou: 2.16, l1: 0.00, conf: 2.91, cls: 0.77, lr: 0.000055
2025-12-04 03:24:22.436 | INFO     | __main__:main:162 -   iter 1750/2667 - loss: total: 6.01, iou: 2.29, l1: 0.00, conf: 2.76, cls: 0.95, lr: 0.000055
2025-12-04 03:25:34.713 | INFO     | __main__:main:162 -   iter 1800/2667 - loss: total: 5.56, iou: 2.05, l1: 0.00, conf: 2.80, cls: 0.71, lr: 0.000056
2025-12-04 03:26:45.851 | INFO     | __main__:main:162 -   iter 1850/2667 - loss: total: 5.37, iou: 1.99, l1: 0.00, conf: 2.36, cls: 1.03, lr: 0.000056
2025-12-04 03:27:58.871 | INFO     | __main__:main:162 -   iter 1900/2667 - loss: total: 5.96, iou: 2.19, l1: 0.00, conf: 2.80, cls: 0.97, lr: 0.000056
2025-12-04 03:29:11.332 | INFO     | __main__:main:162 -   iter 1950/2667 - loss: total: 4.56, iou: 1.90, l1: 0.00, conf: 1.96, cls: 0.70, lr: 0.000057
2025-12-04 03:30:22.045 | INFO     | __main__:main:162 -   iter 2000/2667 - loss: total: 4.82, iou: 2.07, l1: 0.00, conf: 2.04, cls: 0.72, lr: 0.000057
2025-12-04 03:31:32.934 | INFO     | __main__:main:162 -   iter 2050/2667 - loss: total: 4.80, iou: 1.86, l1: 0.00, conf: 2.20, cls: 0.74, lr: 0.000057
2025-12-04 03:32:44.030 | INFO     | __main__:main:162 -   iter 2100/2667 - loss: total: 5.67, iou: 2.31, l1: 0.00, conf: 2.48, cls: 0.89, lr: 0.000058
2025-12-04 03:33:57.881 | INFO     | __main__:main:162 -   iter 2150/2667 - loss: total: 5.05, iou: 1.98, l1: 0.00, conf: 2.23, cls: 0.84, lr: 0.000058
2025-12-04 03:35:08.406 | INFO     | __main__:main:162 -   iter 2200/2667 - loss: total: 4.96, iou: 2.07, l1: 0.00, conf: 2.06, cls: 0.83, lr: 0.000058
2025-12-04 03:36:20.237 | INFO     | __main__:main:162 -   iter 2250/2667 - loss: total: 5.57, iou: 2.16, l1: 0.00, conf: 2.63, cls: 0.78, lr: 0.000059
2025-12-04 03:37:31.765 | INFO     | __main__:main:162 -   iter 2300/2667 - loss: total: 6.15, iou: 2.46, l1: 0.00, conf: 2.78, cls: 0.92, lr: 0.000059
2025-12-04 03:38:42.288 | INFO     | __main__:main:162 -   iter 2350/2667 - loss: total: 5.59, iou: 2.25, l1: 0.00, conf: 2.37, cls: 0.97, lr: 0.000059
2025-12-04 03:39:54.529 | INFO     | __main__:main:162 -   iter 2400/2667 - loss: total: 5.29, iou: 2.11, l1: 0.00, conf: 2.31, cls: 0.87, lr: 0.000060
2025-12-04 03:41:07.967 | INFO     | __main__:main:162 -   iter 2450/2667 - loss: total: 5.07, iou: 1.97, l1: 0.00, conf: 2.30, cls: 0.81, lr: 0.000060
2025-12-04 03:42:18.752 | INFO     | __main__:main:162 -   iter 2500/2667 - loss: total: 6.15, iou: 2.21, l1: 0.00, conf: 2.79, cls: 1.15, lr: 0.000060
2025-12-04 03:43:34.063 | INFO     | __main__:main:162 -   iter 2550/2667 - loss: total: 5.71, iou: 1.97, l1: 0.00, conf: 2.88, cls: 0.87, lr: 0.000060
2025-12-04 03:44:46.382 | INFO     | __main__:main:162 -   iter 2600/2667 - loss: total: 5.55, iou: 2.12, l1: 0.00, conf: 2.62, cls: 0.82, lr: 0.000061
2025-12-04 03:45:58.100 | INFO     | __main__:main:162 -   iter 2650/2667 - loss: total: 4.61, iou: 1.64, l1: 0.00, conf: 2.17, cls: 0.80, lr: 0.000061
2025-12-04 03:46:22.631 | INFO     | __main__:main:124 - Reached max iterations 2667, ending epoch
2025-12-04 03:46:22.639 | INFO     | __main__:main:188 - Epoch 7 completed (checkpoint saved every 5 epochs)
2025-12-04 03:46:22.639 | INFO     | __main__:main:119 - Epoch 8/10
2025-12-04 03:46:24.612 | INFO     | __main__:main:162 -   iter 1/2667 - loss: total: 5.87, iou: 2.18, l1: 0.00, conf: 2.90, cls: 0.80, lr: 0.000061
2025-12-04 03:47:36.960 | INFO     | __main__:main:162 -   iter 50/2667 - loss: total: 5.15, iou: 2.18, l1: 0.00, conf: 2.27, cls: 0.70, lr: 0.000062
2025-12-04 03:48:48.011 | INFO     | __main__:main:162 -   iter 100/2667 - loss: total: 4.92, iou: 2.11, l1: 0.00, conf: 2.09, cls: 0.72, lr: 0.000062
2025-12-04 03:50:02.066 | INFO     | __main__:main:162 -   iter 150/2667 - loss: total: 6.14, iou: 2.08, l1: 0.00, conf: 3.15, cls: 0.92, lr: 0.000062
2025-12-04 03:51:16.334 | INFO     | __main__:main:162 -   iter 200/2667 - loss: total: 5.05, iou: 2.07, l1: 0.00, conf: 2.24, cls: 0.74, lr: 0.000063
2025-12-04 03:52:30.859 | INFO     | __main__:main:162 -   iter 250/2667 - loss: total: 5.51, iou: 2.18, l1: 0.00, conf: 2.47, cls: 0.86, lr: 0.000063
2025-12-04 03:53:42.523 | INFO     | __main__:main:162 -   iter 300/2667 - loss: total: 5.65, iou: 2.11, l1: 0.00, conf: 2.57, cls: 0.96, lr: 0.000063
2025-12-04 03:54:56.400 | INFO     | __main__:main:162 -   iter 350/2667 - loss: total: 5.93, iou: 2.01, l1: 0.00, conf: 2.91, cls: 1.01, lr: 0.000064
2025-12-04 03:56:08.745 | INFO     | __main__:main:162 -   iter 400/2667 - loss: total: 5.29, iou: 2.08, l1: 0.00, conf: 2.35, cls: 0.86, lr: 0.000064
2025-12-04 03:57:19.258 | INFO     | __main__:main:162 -   iter 450/2667 - loss: total: 5.19, iou: 2.12, l1: 0.00, conf: 2.22, cls: 0.84, lr: 0.000064
2025-12-04 03:58:35.528 | INFO     | __main__:main:162 -   iter 500/2667 - loss: total: 5.62, iou: 2.11, l1: 0.00, conf: 2.74, cls: 0.77, lr: 0.000065
2025-12-04 03:59:46.994 | INFO     | __main__:main:162 -   iter 550/2667 - loss: total: 5.49, iou: 2.12, l1: 0.00, conf: 2.53, cls: 0.85, lr: 0.000065
2025-12-04 04:01:02.627 | INFO     | __main__:main:162 -   iter 600/2667 - loss: total: 5.99, iou: 2.23, l1: 0.00, conf: 2.84, cls: 0.92, lr: 0.000065
2025-12-04 04:02:16.702 | INFO     | __main__:main:162 -   iter 650/2667 - loss: total: 5.56, iou: 2.23, l1: 0.00, conf: 2.51, cls: 0.82, lr: 0.000066
2025-12-04 04:03:29.439 | INFO     | __main__:main:162 -   iter 700/2667 - loss: total: 4.62, iou: 1.87, l1: 0.00, conf: 1.79, cls: 0.96, lr: 0.000066
2025-12-04 04:04:40.324 | INFO     | __main__:main:162 -   iter 750/2667 - loss: total: 5.14, iou: 2.08, l1: 0.00, conf: 2.26, cls: 0.80, lr: 0.000066
2025-12-04 04:05:35.361 | INFO     | __main__:main:162 -   iter 800/2667 - loss: total: 5.73, iou: 2.03, l1: 0.00, conf: 2.87, cls: 0.83, lr: 0.000067
2025-12-04 04:06:30.866 | INFO     | __main__:main:162 -   iter 850/2667 - loss: total: 5.10, iou: 2.03, l1: 0.00, conf: 2.21, cls: 0.87, lr: 0.000067
2025-12-04 04:07:26.378 | INFO     | __main__:main:162 -   iter 900/2667 - loss: total: 5.53, iou: 2.16, l1: 0.00, conf: 2.55, cls: 0.82, lr: 0.000067
2025-12-04 04:08:22.824 | INFO     | __main__:main:162 -   iter 950/2667 - loss: total: 4.69, iou: 1.92, l1: 0.00, conf: 1.92, cls: 0.85, lr: 0.000068
2025-12-04 04:09:04.380 | INFO     | __main__:main:162 -   iter 1000/2667 - loss: total: 5.01, iou: 2.06, l1: 0.00, conf: 2.12, cls: 0.83, lr: 0.000068
2025-12-04 04:09:46.214 | INFO     | __main__:main:162 -   iter 1050/2667 - loss: total: 4.88, iou: 2.09, l1: 0.00, conf: 2.04, cls: 0.75, lr: 0.000068
2025-12-04 04:10:25.169 | INFO     | __main__:main:162 -   iter 1100/2667 - loss: total: 6.57, iou: 2.40, l1: 0.00, conf: 3.23, cls: 0.94, lr: 0.000069
2025-12-04 04:11:05.652 | INFO     | __main__:main:162 -   iter 1150/2667 - loss: total: 5.31, iou: 2.13, l1: 0.00, conf: 2.41, cls: 0.77, lr: 0.000069
2025-12-04 04:11:48.613 | INFO     | __main__:main:162 -   iter 1200/2667 - loss: total: 5.20, iou: 2.31, l1: 0.00, conf: 2.17, cls: 0.71, lr: 0.000069
2025-12-04 04:12:29.406 | INFO     | __main__:main:162 -   iter 1250/2667 - loss: total: 5.03, iou: 1.99, l1: 0.00, conf: 2.21, cls: 0.83, lr: 0.000070
2025-12-04 04:13:09.782 | INFO     | __main__:main:162 -   iter 1300/2667 - loss: total: 4.55, iou: 1.94, l1: 0.00, conf: 1.92, cls: 0.69, lr: 0.000070
2025-12-04 04:13:49.956 | INFO     | __main__:main:162 -   iter 1350/2667 - loss: total: 4.85, iou: 2.11, l1: 0.00, conf: 1.98, cls: 0.76, lr: 0.000070
2025-12-04 04:14:30.831 | INFO     | __main__:main:162 -   iter 1400/2667 - loss: total: 5.49, iou: 2.29, l1: 0.00, conf: 2.37, cls: 0.82, lr: 0.000071
2025-12-04 04:15:12.465 | INFO     | __main__:main:162 -   iter 1450/2667 - loss: total: 5.53, iou: 2.10, l1: 0.00, conf: 2.47, cls: 0.96, lr: 0.000071
2025-12-04 04:15:51.917 | INFO     | __main__:main:162 -   iter 1500/2667 - loss: total: 5.68, iou: 2.05, l1: 0.00, conf: 2.69, cls: 0.94, lr: 0.000071
2025-12-04 04:16:31.470 | INFO     | __main__:main:162 -   iter 1550/2667 - loss: total: 4.82, iou: 2.13, l1: 0.00, conf: 1.89, cls: 0.79, lr: 0.000072
2025-12-04 04:17:15.694 | INFO     | __main__:main:162 -   iter 1600/2667 - loss: total: 5.24, iou: 2.00, l1: 0.00, conf: 2.40, cls: 0.83, lr: 0.000072
2025-12-04 04:17:57.070 | INFO     | __main__:main:162 -   iter 1650/2667 - loss: total: 5.66, iou: 2.19, l1: 0.00, conf: 2.55, cls: 0.92, lr: 0.000073
2025-12-04 04:18:38.752 | INFO     | __main__:main:162 -   iter 1700/2667 - loss: total: 4.95, iou: 1.92, l1: 0.00, conf: 2.24, cls: 0.79, lr: 0.000073
2025-12-04 04:19:17.231 | INFO     | __main__:main:162 -   iter 1750/2667 - loss: total: 5.35, iou: 2.21, l1: 0.00, conf: 2.36, cls: 0.78, lr: 0.000073
2025-12-04 04:19:56.980 | INFO     | __main__:main:162 -   iter 1800/2667 - loss: total: 5.37, iou: 2.14, l1: 0.00, conf: 2.47, cls: 0.76, lr: 0.000074
2025-12-04 04:20:36.866 | INFO     | __main__:main:162 -   iter 1850/2667 - loss: total: 4.73, iou: 1.94, l1: 0.00, conf: 1.92, cls: 0.87, lr: 0.000074
2025-12-04 04:21:19.597 | INFO     | __main__:main:162 -   iter 1900/2667 - loss: total: 5.70, iou: 2.20, l1: 0.00, conf: 2.66, cls: 0.84, lr: 0.000074
2025-12-04 04:21:58.739 | INFO     | __main__:main:162 -   iter 1950/2667 - loss: total: 4.60, iou: 1.92, l1: 0.00, conf: 2.03, cls: 0.65, lr: 0.000075
2025-12-04 04:22:38.379 | INFO     | __main__:main:162 -   iter 2000/2667 - loss: total: 5.41, iou: 2.11, l1: 0.00, conf: 2.36, cls: 0.94, lr: 0.000075
2025-12-04 04:23:19.884 | INFO     | __main__:main:162 -   iter 2050/2667 - loss: total: 5.53, iou: 2.01, l1: 0.00, conf: 2.63, cls: 0.89, lr: 0.000075
2025-12-04 04:24:01.365 | INFO     | __main__:main:162 -   iter 2100/2667 - loss: total: 4.94, iou: 1.92, l1: 0.00, conf: 2.31, cls: 0.72, lr: 0.000076
2025-12-04 04:24:40.485 | INFO     | __main__:main:162 -   iter 2150/2667 - loss: total: 5.11, iou: 2.02, l1: 0.00, conf: 2.36, cls: 0.74, lr: 0.000076
2025-12-04 04:25:21.852 | INFO     | __main__:main:162 -   iter 2200/2667 - loss: total: 5.37, iou: 2.15, l1: 0.00, conf: 2.34, cls: 0.88, lr: 0.000077
2025-12-04 04:26:02.102 | INFO     | __main__:main:162 -   iter 2250/2667 - loss: total: 5.56, iou: 2.17, l1: 0.00, conf: 2.52, cls: 0.87, lr: 0.000077
2025-12-04 04:26:42.757 | INFO     | __main__:main:162 -   iter 2300/2667 - loss: total: 5.57, iou: 2.16, l1: 0.00, conf: 2.52, cls: 0.89, lr: 0.000077
2025-12-04 04:27:23.459 | INFO     | __main__:main:162 -   iter 2350/2667 - loss: total: 6.18, iou: 2.28, l1: 0.00, conf: 2.85, cls: 1.06, lr: 0.000078
2025-12-04 04:28:03.931 | INFO     | __main__:main:162 -   iter 2400/2667 - loss: total: 5.17, iou: 2.01, l1: 0.00, conf: 2.36, cls: 0.79, lr: 0.000078
2025-12-04 04:28:44.003 | INFO     | __main__:main:162 -   iter 2450/2667 - loss: total: 5.00, iou: 1.94, l1: 0.00, conf: 2.27, cls: 0.80, lr: 0.000078
2025-12-04 04:29:24.414 | INFO     | __main__:main:162 -   iter 2500/2667 - loss: total: 5.52, iou: 2.18, l1: 0.00, conf: 2.20, cls: 1.14, lr: 0.000079
2025-12-04 04:30:04.685 | INFO     | __main__:main:162 -   iter 2550/2667 - loss: total: 5.39, iou: 1.96, l1: 0.00, conf: 2.59, cls: 0.85, lr: 0.000079
2025-12-04 04:30:45.205 | INFO     | __main__:main:162 -   iter 2600/2667 - loss: total: 4.97, iou: 2.09, l1: 0.00, conf: 2.10, cls: 0.78, lr: 0.000079
2025-12-04 04:31:25.803 | INFO     | __main__:main:162 -   iter 2650/2667 - loss: total: 5.72, iou: 2.18, l1: 0.00, conf: 2.65, cls: 0.90, lr: 0.000080
2025-12-04 04:31:39.987 | INFO     | __main__:main:124 - Reached max iterations 2667, ending epoch
2025-12-04 04:31:39.996 | INFO     | __main__:main:188 - Epoch 8 completed (checkpoint saved every 5 epochs)
2025-12-04 04:31:39.996 | INFO     | __main__:main:119 - Epoch 9/10
2025-12-04 04:31:40.781 | INFO     | __main__:main:162 -   iter 1/2667 - loss: total: 6.10, iou: 2.12, l1: 0.00, conf: 3.16, cls: 0.82, lr: 0.000080
2025-12-04 04:32:19.418 | INFO     | __main__:main:162 -   iter 50/2667 - loss: total: 5.10, iou: 2.12, l1: 0.00, conf: 2.26, cls: 0.72, lr: 0.000080
2025-12-04 04:32:58.829 | INFO     | __main__:main:162 -   iter 100/2667 - loss: total: 6.12, iou: 2.28, l1: 0.00, conf: 2.97, cls: 0.87, lr: 0.000081
2025-12-04 04:33:37.504 | INFO     | __main__:main:162 -   iter 150/2667 - loss: total: 5.40, iou: 2.04, l1: 0.00, conf: 2.56, cls: 0.80, lr: 0.000081
2025-12-04 04:34:17.304 | INFO     | __main__:main:162 -   iter 200/2667 - loss: total: 5.03, iou: 2.01, l1: 0.00, conf: 2.25, cls: 0.78, lr: 0.000081
2025-12-04 04:34:56.266 | INFO     | __main__:main:162 -   iter 250/2667 - loss: total: 5.38, iou: 2.22, l1: 0.00, conf: 2.36, cls: 0.80, lr: 0.000082
2025-12-04 04:35:36.028 | INFO     | __main__:main:162 -   iter 300/2667 - loss: total: 5.77, iou: 2.24, l1: 0.00, conf: 2.65, cls: 0.88, lr: 0.000082
2025-12-04 04:36:17.050 | INFO     | __main__:main:162 -   iter 350/2667 - loss: total: 5.74, iou: 2.35, l1: 0.00, conf: 2.57, cls: 0.82, lr: 0.000083
2025-12-04 04:36:56.457 | INFO     | __main__:main:162 -   iter 400/2667 - loss: total: 5.45, iou: 2.11, l1: 0.00, conf: 2.52, cls: 0.81, lr: 0.000083
2025-12-04 04:37:35.923 | INFO     | __main__:main:162 -   iter 450/2667 - loss: total: 5.42, iou: 2.26, l1: 0.00, conf: 2.36, cls: 0.81, lr: 0.000083
2025-12-04 04:38:15.221 | INFO     | __main__:main:162 -   iter 500/2667 - loss: total: 5.50, iou: 2.17, l1: 0.00, conf: 2.51, cls: 0.82, lr: 0.000084
2025-12-04 04:38:54.645 | INFO     | __main__:main:162 -   iter 550/2667 - loss: total: 5.09, iou: 2.08, l1: 0.00, conf: 2.24, cls: 0.77, lr: 0.000084
2025-12-04 04:39:34.912 | INFO     | __main__:main:162 -   iter 600/2667 - loss: total: 5.91, iou: 2.17, l1: 0.00, conf: 2.73, cls: 1.01, lr: 0.000085
2025-12-04 04:40:15.698 | INFO     | __main__:main:162 -   iter 650/2667 - loss: total: 4.60, iou: 1.94, l1: 0.00, conf: 2.02, cls: 0.64, lr: 0.000085
2025-12-04 04:40:54.894 | INFO     | __main__:main:162 -   iter 700/2667 - loss: total: 5.15, iou: 2.08, l1: 0.00, conf: 2.21, cls: 0.86, lr: 0.000085
2025-12-04 04:41:37.580 | INFO     | __main__:main:162 -   iter 750/2667 - loss: total: 4.73, iou: 1.83, l1: 0.00, conf: 2.14, cls: 0.76, lr: 0.000086
2025-12-04 04:42:18.409 | INFO     | __main__:main:162 -   iter 800/2667 - loss: total: 5.81, iou: 2.18, l1: 0.00, conf: 2.76, cls: 0.87, lr: 0.000086
2025-12-04 04:42:59.070 | INFO     | __main__:main:162 -   iter 850/2667 - loss: total: 5.37, iou: 2.08, l1: 0.00, conf: 2.45, cls: 0.84, lr: 0.000086
2025-12-04 04:43:39.188 | INFO     | __main__:main:162 -   iter 900/2667 - loss: total: 5.49, iou: 2.08, l1: 0.00, conf: 2.53, cls: 0.87, lr: 0.000087
2025-12-04 04:44:18.723 | INFO     | __main__:main:162 -   iter 950/2667 - loss: total: 4.98, iou: 2.02, l1: 0.00, conf: 2.19, cls: 0.76, lr: 0.000087
2025-12-04 04:44:59.389 | INFO     | __main__:main:162 -   iter 1000/2667 - loss: total: 4.47, iou: 1.93, l1: 0.00, conf: 1.84, cls: 0.70, lr: 0.000088
2025-12-04 04:45:40.572 | INFO     | __main__:main:162 -   iter 1050/2667 - loss: total: 5.55, iou: 2.12, l1: 0.00, conf: 2.56, cls: 0.86, lr: 0.000088
2025-12-04 04:46:22.271 | INFO     | __main__:main:162 -   iter 1100/2667 - loss: total: 6.02, iou: 2.30, l1: 0.00, conf: 2.88, cls: 0.83, lr: 0.000088
2025-12-04 04:47:03.228 | INFO     | __main__:main:162 -   iter 1150/2667 - loss: total: 4.90, iou: 1.99, l1: 0.00, conf: 2.16, cls: 0.75, lr: 0.000089
2025-12-04 04:47:42.915 | INFO     | __main__:main:162 -   iter 1200/2667 - loss: total: 4.80, iou: 2.03, l1: 0.00, conf: 2.04, cls: 0.72, lr: 0.000089
2025-12-04 04:48:23.642 | INFO     | __main__:main:162 -   iter 1250/2667 - loss: total: 5.47, iou: 1.87, l1: 0.00, conf: 2.64, cls: 0.95, lr: 0.000090
2025-12-04 04:49:03.956 | INFO     | __main__:main:162 -   iter 1300/2667 - loss: total: 5.17, iou: 2.06, l1: 0.00, conf: 2.28, cls: 0.83, lr: 0.000090
2025-12-04 04:49:43.985 | INFO     | __main__:main:162 -   iter 1350/2667 - loss: total: 5.26, iou: 2.14, l1: 0.00, conf: 2.35, cls: 0.77, lr: 0.000090
2025-12-04 04:50:22.480 | INFO     | __main__:main:162 -   iter 1400/2667 - loss: total: 5.43, iou: 2.25, l1: 0.00, conf: 2.33, cls: 0.85, lr: 0.000091
2025-12-04 04:51:02.597 | INFO     | __main__:main:162 -   iter 1450/2667 - loss: total: 5.47, iou: 2.25, l1: 0.00, conf: 2.24, cls: 0.98, lr: 0.000091
2025-12-04 04:51:42.161 | INFO     | __main__:main:162 -   iter 1500/2667 - loss: total: 5.46, iou: 1.99, l1: 0.00, conf: 2.50, cls: 0.98, lr: 0.000092
2025-12-04 04:52:20.830 | INFO     | __main__:main:162 -   iter 1550/2667 - loss: total: 5.05, iou: 2.09, l1: 0.00, conf: 2.19, cls: 0.77, lr: 0.000092
2025-12-04 04:52:59.716 | INFO     | __main__:main:162 -   iter 1600/2667 - loss: total: 5.82, iou: 2.31, l1: 0.00, conf: 2.70, cls: 0.81, lr: 0.000092
2025-12-04 04:53:39.496 | INFO     | __main__:main:162 -   iter 1650/2667 - loss: total: 5.47, iou: 2.12, l1: 0.00, conf: 2.53, cls: 0.83, lr: 0.000093
2025-12-04 04:54:18.930 | INFO     | __main__:main:162 -   iter 1700/2667 - loss: total: 5.73, iou: 2.40, l1: 0.00, conf: 2.50, cls: 0.83, lr: 0.000093
2025-12-04 04:54:58.157 | INFO     | __main__:main:162 -   iter 1750/2667 - loss: total: 5.37, iou: 2.10, l1: 0.00, conf: 2.39, cls: 0.88, lr: 0.000094
2025-12-04 04:55:39.159 | INFO     | __main__:main:162 -   iter 1800/2667 - loss: total: 5.27, iou: 2.11, l1: 0.00, conf: 2.48, cls: 0.68, lr: 0.000094
2025-12-04 04:56:17.454 | INFO     | __main__:main:162 -   iter 1850/2667 - loss: total: 5.38, iou: 2.02, l1: 0.00, conf: 2.42, cls: 0.94, lr: 0.000094
2025-12-04 04:56:57.187 | INFO     | __main__:main:162 -   iter 1900/2667 - loss: total: 5.38, iou: 2.14, l1: 0.00, conf: 2.43, cls: 0.81, lr: 0.000095
2025-12-04 04:57:37.704 | INFO     | __main__:main:162 -   iter 1950/2667 - loss: total: 4.56, iou: 1.92, l1: 0.00, conf: 1.98, cls: 0.65, lr: 0.000095
2025-12-04 04:58:18.548 | INFO     | __main__:main:162 -   iter 2000/2667 - loss: total: 5.06, iou: 2.07, l1: 0.00, conf: 2.24, cls: 0.75, lr: 0.000096
2025-12-04 04:59:00.821 | INFO     | __main__:main:162 -   iter 2050/2667 - loss: total: 4.09, iou: 1.72, l1: 0.00, conf: 1.76, cls: 0.61, lr: 0.000096
2025-12-04 04:59:42.159 | INFO     | __main__:main:162 -   iter 2100/2667 - loss: total: 5.33, iou: 2.13, l1: 0.00, conf: 2.46, cls: 0.74, lr: 0.000097
2025-12-04 05:00:23.392 | INFO     | __main__:main:162 -   iter 2150/2667 - loss: total: 4.62, iou: 1.91, l1: 0.00, conf: 1.94, cls: 0.77, lr: 0.000097
2025-12-04 05:01:02.814 | INFO     | __main__:main:162 -   iter 2200/2667 - loss: total: 5.52, iou: 2.28, l1: 0.00, conf: 2.37, cls: 0.87, lr: 0.000097
2025-12-04 05:01:42.345 | INFO     | __main__:main:162 -   iter 2250/2667 - loss: total: 5.30, iou: 2.18, l1: 0.00, conf: 2.36, cls: 0.75, lr: 0.000098
2025-12-04 05:02:22.327 | INFO     | __main__:main:162 -   iter 2300/2667 - loss: total: 5.57, iou: 2.18, l1: 0.00, conf: 2.57, cls: 0.82, lr: 0.000098
2025-12-04 05:03:02.871 | INFO     | __main__:main:162 -   iter 2350/2667 - loss: total: 5.57, iou: 2.25, l1: 0.00, conf: 2.41, cls: 0.90, lr: 0.000099
2025-12-04 05:03:42.283 | INFO     | __main__:main:162 -   iter 2400/2667 - loss: total: 5.47, iou: 2.07, l1: 0.00, conf: 2.58, cls: 0.83, lr: 0.000099
2025-12-04 05:04:23.343 | INFO     | __main__:main:162 -   iter 2450/2667 - loss: total: 5.23, iou: 2.08, l1: 0.00, conf: 2.35, cls: 0.80, lr: 0.000099
2025-12-04 05:05:03.620 | INFO     | __main__:main:162 -   iter 2500/2667 - loss: total: 6.16, iou: 2.20, l1: 0.00, conf: 2.75, cls: 1.21, lr: 0.000100
2025-12-04 05:05:43.884 | INFO     | __main__:main:162 -   iter 2550/2667 - loss: total: 4.82, iou: 1.99, l1: 0.00, conf: 2.15, cls: 0.67, lr: 0.000100
2025-12-04 05:06:22.849 | INFO     | __main__:main:162 -   iter 2600/2667 - loss: total: 5.32, iou: 2.15, l1: 0.00, conf: 2.40, cls: 0.77, lr: 0.000101
2025-12-04 05:07:01.763 | INFO     | __main__:main:162 -   iter 2650/2667 - loss: total: 4.87, iou: 2.01, l1: 0.00, conf: 2.14, cls: 0.71, lr: 0.000101
2025-12-04 05:07:15.616 | INFO     | __main__:main:124 - Reached max iterations 2667, ending epoch
2025-12-04 05:07:15.624 | INFO     | __main__:main:188 - Epoch 9 completed (checkpoint saved every 5 epochs)
2025-12-04 05:07:15.624 | INFO     | __main__:main:119 - Epoch 10/10
2025-12-04 05:07:16.575 | INFO     | __main__:main:162 -   iter 1/2667 - loss: total: 5.87, iou: 2.16, l1: 0.00, conf: 2.88, cls: 0.83, lr: 0.000101
2025-12-04 05:07:55.127 | INFO     | __main__:main:162 -   iter 50/2667 - loss: total: 5.60, iou: 2.33, l1: 0.00, conf: 2.48, cls: 0.78, lr: 0.000102
2025-12-04 05:08:35.855 | INFO     | __main__:main:162 -   iter 100/2667 - loss: total: 5.86, iou: 2.25, l1: 0.00, conf: 2.75, cls: 0.86, lr: 0.000102
2025-12-04 05:09:15.327 | INFO     | __main__:main:162 -   iter 150/2667 - loss: total: 5.93, iou: 2.07, l1: 0.00, conf: 2.92, cls: 0.95, lr: 0.000103
2025-12-04 05:09:56.641 | INFO     | __main__:main:162 -   iter 200/2667 - loss: total: 5.58, iou: 2.08, l1: 0.00, conf: 2.55, cls: 0.95, lr: 0.000103
2025-12-04 05:10:37.198 | INFO     | __main__:main:162 -   iter 250/2667 - loss: total: 5.41, iou: 2.07, l1: 0.00, conf: 2.55, cls: 0.79, lr: 0.000103
2025-12-04 05:11:17.712 | INFO     | __main__:main:162 -   iter 300/2667 - loss: total: 5.14, iou: 2.10, l1: 0.00, conf: 2.13, cls: 0.91, lr: 0.000104
2025-12-04 05:11:56.182 | INFO     | __main__:main:162 -   iter 350/2667 - loss: total: 5.56, iou: 2.14, l1: 0.00, conf: 2.63, cls: 0.79, lr: 0.000104
2025-12-04 05:12:36.094 | INFO     | __main__:main:162 -   iter 400/2667 - loss: total: 5.54, iou: 2.11, l1: 0.00, conf: 2.62, cls: 0.81, lr: 0.000105
2025-12-04 05:13:15.045 | INFO     | __main__:main:162 -   iter 450/2667 - loss: total: 5.45, iou: 2.24, l1: 0.00, conf: 2.30, cls: 0.90, lr: 0.000105
2025-12-04 05:13:55.661 | INFO     | __main__:main:162 -   iter 500/2667 - loss: total: 5.53, iou: 2.28, l1: 0.00, conf: 2.41, cls: 0.85, lr: 0.000106
2025-12-04 05:14:34.673 | INFO     | __main__:main:162 -   iter 550/2667 - loss: total: 5.06, iou: 2.09, l1: 0.00, conf: 2.22, cls: 0.76, lr: 0.000106
2025-12-04 05:15:14.524 | INFO     | __main__:main:162 -   iter 600/2667 - loss: total: 5.42, iou: 2.03, l1: 0.00, conf: 2.44, cls: 0.94, lr: 0.000106
2025-12-04 05:15:54.762 | INFO     | __main__:main:162 -   iter 650/2667 - loss: total: 4.38, iou: 2.08, l1: 0.00, conf: 1.64, cls: 0.66, lr: 0.000107
2025-12-04 05:16:34.640 | INFO     | __main__:main:162 -   iter 700/2667 - loss: total: 4.70, iou: 1.89, l1: 0.00, conf: 1.98, cls: 0.82, lr: 0.000107
2025-12-04 05:17:15.463 | INFO     | __main__:main:162 -   iter 750/2667 - loss: total: 5.27, iou: 1.92, l1: 0.00, conf: 2.51, cls: 0.84, lr: 0.000108
2025-12-04 05:17:56.209 | INFO     | __main__:main:162 -   iter 800/2667 - loss: total: 6.17, iou: 2.19, l1: 0.00, conf: 3.11, cls: 0.87, lr: 0.000108
2025-12-04 05:18:34.141 | INFO     | __main__:main:162 -   iter 850/2667 - loss: total: 5.82, iou: 2.29, l1: 0.00, conf: 2.62, cls: 0.92, lr: 0.000109
2025-12-04 05:19:13.210 | INFO     | __main__:main:162 -   iter 900/2667 - loss: total: 5.68, iou: 2.20, l1: 0.00, conf: 2.55, cls: 0.93, lr: 0.000109
2025-12-04 05:19:53.264 | INFO     | __main__:main:162 -   iter 950/2667 - loss: total: 4.55, iou: 1.76, l1: 0.00, conf: 2.01, cls: 0.79, lr: 0.000109
2025-12-04 05:20:33.535 | INFO     | __main__:main:162 -   iter 1000/2667 - loss: total: 5.04, iou: 2.06, l1: 0.00, conf: 2.23, cls: 0.75, lr: 0.000110
2025-12-04 05:21:13.841 | INFO     | __main__:main:162 -   iter 1050/2667 - loss: total: 5.50, iou: 2.23, l1: 0.00, conf: 2.44, cls: 0.84, lr: 0.000110
2025-12-04 05:21:54.096 | INFO     | __main__:main:162 -   iter 1100/2667 - loss: total: 5.45, iou: 2.25, l1: 0.00, conf: 2.45, cls: 0.74, lr: 0.000111
2025-12-04 05:22:32.147 | INFO     | __main__:main:162 -   iter 1150/2667 - loss: total: 5.43, iou: 2.07, l1: 0.00, conf: 2.56, cls: 0.80, lr: 0.000111
2025-12-04 05:23:10.990 | INFO     | __main__:main:162 -   iter 1200/2667 - loss: total: 4.49, iou: 2.04, l1: 0.00, conf: 1.75, cls: 0.70, lr: 0.000112
2025-12-04 05:23:48.944 | INFO     | __main__:main:162 -   iter 1250/2667 - loss: total: 4.83, iou: 1.87, l1: 0.00, conf: 2.19, cls: 0.76, lr: 0.000112
2025-12-04 05:24:27.020 | INFO     | __main__:main:162 -   iter 1300/2667 - loss: total: 4.77, iou: 1.99, l1: 0.00, conf: 2.02, cls: 0.75, lr: 0.000113
2025-12-04 05:25:05.475 | INFO     | __main__:main:162 -   iter 1350/2667 - loss: total: 4.63, iou: 1.99, l1: 0.00, conf: 1.93, cls: 0.71, lr: 0.000113
2025-12-04 05:25:44.018 | INFO     | __main__:main:162 -   iter 1400/2667 - loss: total: 5.88, iou: 2.40, l1: 0.00, conf: 2.59, cls: 0.89, lr: 0.000113
2025-12-04 05:26:22.937 | INFO     | __main__:main:162 -   iter 1450/2667 - loss: total: 4.85, iou: 2.06, l1: 0.00, conf: 1.97, cls: 0.82, lr: 0.000114
2025-12-04 05:27:02.624 | INFO     | __main__:main:162 -   iter 1500/2667 - loss: total: 5.09, iou: 2.00, l1: 0.00, conf: 2.33, cls: 0.76, lr: 0.000114
2025-12-04 05:27:42.442 | INFO     | __main__:main:162 -   iter 1550/2667 - loss: total: 5.01, iou: 2.15, l1: 0.00, conf: 2.07, cls: 0.79, lr: 0.000115
2025-12-04 05:28:22.740 | INFO     | __main__:main:162 -   iter 1600/2667 - loss: total: 6.50, iou: 2.29, l1: 0.00, conf: 3.20, cls: 1.01, lr: 0.000115
2025-12-04 05:29:03.808 | INFO     | __main__:main:162 -   iter 1650/2667 - loss: total: 5.56, iou: 2.30, l1: 0.00, conf: 2.41, cls: 0.85, lr: 0.000116
2025-12-04 05:29:43.125 | INFO     | __main__:main:162 -   iter 1700/2667 - loss: total: 4.81, iou: 1.97, l1: 0.00, conf: 2.10, cls: 0.74, lr: 0.000116
2025-12-04 05:30:22.007 | INFO     | __main__:main:162 -   iter 1750/2667 - loss: total: 5.31, iou: 2.15, l1: 0.00, conf: 2.26, cls: 0.90, lr: 0.000117
2025-12-04 05:31:00.189 | INFO     | __main__:main:162 -   iter 1800/2667 - loss: total: 6.13, iou: 2.35, l1: 0.00, conf: 2.88, cls: 0.91, lr: 0.000117
2025-12-04 05:31:38.324 | INFO     | __main__:main:162 -   iter 1850/2667 - loss: total: 5.22, iou: 1.99, l1: 0.00, conf: 2.36, cls: 0.88, lr: 0.000117
2025-12-04 05:32:17.321 | INFO     | __main__:main:162 -   iter 1900/2667 - loss: total: 5.23, iou: 2.07, l1: 0.00, conf: 2.25, cls: 0.91, lr: 0.000118
2025-12-04 05:32:55.943 | INFO     | __main__:main:162 -   iter 1950/2667 - loss: total: 4.99, iou: 2.04, l1: 0.00, conf: 2.23, cls: 0.72, lr: 0.000118
2025-12-04 05:33:34.785 | INFO     | __main__:main:162 -   iter 2000/2667 - loss: total: 5.16, iou: 2.12, l1: 0.00, conf: 2.24, cls: 0.80, lr: 0.000119
2025-12-04 05:34:15.325 | INFO     | __main__:main:162 -   iter 2050/2667 - loss: total: 3.97, iou: 1.67, l1: 0.00, conf: 1.69, cls: 0.61, lr: 0.000119
2025-12-04 05:34:56.306 | INFO     | __main__:main:162 -   iter 2100/2667 - loss: total: 5.15, iou: 2.02, l1: 0.00, conf: 2.32, cls: 0.81, lr: 0.000120
2025-12-04 05:35:36.683 | INFO     | __main__:main:162 -   iter 2150/2667 - loss: total: 4.19, iou: 1.76, l1: 0.00, conf: 1.78, cls: 0.65, lr: 0.000120
2025-12-04 05:36:16.375 | INFO     | __main__:main:162 -   iter 2200/2667 - loss: total: 4.77, iou: 2.01, l1: 0.00, conf: 1.99, cls: 0.77, lr: 0.000121
2025-12-04 05:36:55.200 | INFO     | __main__:main:162 -   iter 2250/2667 - loss: total: 5.63, iou: 2.22, l1: 0.00, conf: 2.56, cls: 0.84, lr: 0.000121
2025-12-04 05:37:34.034 | INFO     | __main__:main:162 -   iter 2300/2667 - loss: total: 5.22, iou: 2.16, l1: 0.00, conf: 2.33, cls: 0.73, lr: 0.000122
2025-12-04 05:38:12.518 | INFO     | __main__:main:162 -   iter 2350/2667 - loss: total: 5.43, iou: 2.14, l1: 0.00, conf: 2.30, cls: 0.98, lr: 0.000122
2025-12-04 05:38:52.282 | INFO     | __main__:main:162 -   iter 2400/2667 - loss: total: 5.32, iou: 2.01, l1: 0.00, conf: 2.50, cls: 0.82, lr: 0.000123
2025-12-04 05:39:31.559 | INFO     | __main__:main:162 -   iter 2450/2667 - loss: total: 5.38, iou: 2.04, l1: 0.00, conf: 2.54, cls: 0.80, lr: 0.000123
2025-12-04 05:40:12.232 | INFO     | __main__:main:162 -   iter 2500/2667 - loss: total: 5.68, iou: 2.05, l1: 0.00, conf: 2.60, cls: 1.04, lr: 0.000123
2025-12-04 05:40:51.871 | INFO     | __main__:main:162 -   iter 2550/2667 - loss: total: 4.76, iou: 1.84, l1: 0.00, conf: 2.21, cls: 0.71, lr: 0.000124
2025-12-04 05:41:30.946 | INFO     | __main__:main:162 -   iter 2600/2667 - loss: total: 5.11, iou: 2.17, l1: 0.00, conf: 2.18, cls: 0.75, lr: 0.000124
2025-12-04 05:42:11.086 | INFO     | __main__:main:162 -   iter 2650/2667 - loss: total: 5.09, iou: 2.03, l1: 0.00, conf: 2.37, cls: 0.69, lr: 0.000125
2025-12-04 05:42:25.169 | INFO     | __main__:main:124 - Reached max iterations 2667, ending epoch
2025-12-04 05:42:25.178 | INFO     | __main__:main:166 - Saving checkpoint epoch 10...
2025-12-04 05:42:27.420 | INFO     | __main__:main:182 - ✓ Saved to ./yolox_finetuning/yolox_l_nuscenes_clean_v2/epoch_10.pth (235.9 MB)
2025-12-04 05:42:27.421 | INFO     | __main__:main:190 - 
==================================================
2025-12-04 05:42:27.421 | INFO     | __main__:main:191 - Training completed!
2025-12-04 05:42:27.421 | INFO     | __main__:main:192 - ==================================================
loading annotations into memory...
Done (t=1.15s)
creating index...
index created!
0.000124
2025-12-04 04:03:18.248 | INFO     | __main__:main:162 -   iter 2600/2667 - loss: total: 8.85, iou: 2.81, l1: 0.00, conf: 4.90, cls: 1.15, lr: 0.000124
2025-12-04 04:04:12.676 | INFO     | __main__:main:162 -   iter 2650/2667 - loss: total: 9.25, iou: 2.87, l1: 0.00, conf: 5.17, cls: 1.21, lr: 0.000125
2025-12-04 04:04:31.185 | INFO     | __main__:main:124 - Reached max iterations 2667, ending epoch
2025-12-04 04:04:33.754 | INFO     | __main__:main:166 - Saving checkpoint epoch 10...
2025-12-04 04:04:36.000 | INFO     | __main__:main:182 - ✓ Saved to ./yolox_finetuning/yolox_l_nuscenes_clean_v2/epoch_10.pth (235.9 MB)
2025-12-04 04:04:36.000 | INFO     | __main__:main:190 - 
==================================================
2025-12-04 04:04:36.001 | INFO     | __main__:main:191 - Training completed!
2025-12-04 04:04:36.001 | INFO     | __main__:main:192 - ==================================================
